2018-09-24 23:07:26 -WebSocketSession[1 current WS(1)-HttpStream(0)-HttpPoll(0), 3 total, 0 closed abnormally (0 connect failure, 0 send limit, 3 transport error)], stompSubProtocol[processed CONNECT(2)-CONNECTED(2)-DISCONNECT(0)], stompBrokerRelay[null], inboundChannel[pool size = 0, active threads = 0, queued tasks = 0, completed tasks = 24], outboundChannelpool size = 0, active threads = 0, queued tasks = 0, completed tasks = 4], sockJsScheduler[pool size = 4, active threads = 3, queued tasks = 0, completed tasks = 4752]
2018-09-24 23:07:30 -WebSocketSession[1 current WS(1)-HttpStream(0)-HttpPoll(0), 3 total, 0 closed abnormally (0 connect failure, 0 send limit, 3 transport error)], stompSubProtocol[processed CONNECT(2)-CONNECTED(2)-DISCONNECT(0)], stompBrokerRelay[null], inboundChannel[pool size = 0, active threads = 0, queued tasks = 0, completed tasks = 24], outboundChannelpool size = 0, active threads = 0, queued tasks = 0, completed tasks = 4], sockJsScheduler[pool size = 4, active threads = 2, queued tasks = 1, completed tasks = 21881]
2018-09-24 23:07:30 -WebSocketSession[1 current WS(1)-HttpStream(0)-HttpPoll(0), 3 total, 0 closed abnormally (0 connect failure, 0 send limit, 3 transport error)], stompSubProtocol[processed CONNECT(2)-CONNECTED(2)-DISCONNECT(0)], stompBrokerRelay[null], inboundChannel[pool size = 0, active threads = 0, queued tasks = 0, completed tasks = 24], outboundChannelpool size = 0, active threads = 0, queued tasks = 0, completed tasks = 4], sockJsScheduler[pool size = 4, active threads = 2, queued tasks = 1, completed tasks = 21882]
2018-09-24 23:07:30 -WebSocketSession[1 current WS(1)-HttpStream(0)-HttpPoll(0), 3 total, 0 closed abnormally (0 connect failure, 0 send limit, 3 transport error)], stompSubProtocol[processed CONNECT(2)-CONNECTED(2)-DISCONNECT(0)], stompBrokerRelay[null], inboundChannel[pool size = 0, active threads = 0, queued tasks = 0, completed tasks = 24], outboundChannelpool size = 0, active threads = 0, queued tasks = 0, completed tasks = 4], sockJsScheduler[pool size = 4, active threads = 2, queued tasks = 1, completed tasks = 21883]
2018-09-24 23:07:30 -WebSocketSession[1 current WS(1)-HttpStream(0)-HttpPoll(0), 3 total, 0 closed abnormally (0 connect failure, 0 send limit, 3 transport error)], stompSubProtocol[processed CONNECT(2)-CONNECTED(2)-DISCONNECT(0)], stompBrokerRelay[null], inboundChannel[pool size = 0, active threads = 0, queued tasks = 0, completed tasks = 24], outboundChannelpool size = 0, active threads = 0, queued tasks = 0, completed tasks = 4], sockJsScheduler[pool size = 4, active threads = 2, queued tasks = 1, completed tasks = 21884]
2018-09-24 23:07:30 -WebSocketSession[1 current WS(1)-HttpStream(0)-HttpPoll(0), 3 total, 0 closed abnormally (0 connect failure, 0 send limit, 3 transport error)], stompSubProtocol[processed CONNECT(2)-CONNECTED(2)-DISCONNECT(0)], stompBrokerRelay[null], inboundChannel[pool size = 0, active threads = 0, queued tasks = 0, completed tasks = 24], outboundChannelpool size = 0, active threads = 0, queued tasks = 0, completed tasks = 4], sockJsScheduler[pool size = 4, active threads = 2, queued tasks = 1, completed tasks = 21885]
2018-09-24 23:07:30 -WebSocketSession[1 current WS(1)-HttpStream(0)-HttpPoll(0), 3 total, 0 closed abnormally (0 connect failure, 0 send limit, 3 transport error)], stompSubProtocol[processed CONNECT(2)-CONNECTED(2)-DISCONNECT(0)], stompBrokerRelay[null], inboundChannel[pool size = 0, active threads = 0, queued tasks = 0, completed tasks = 24], outboundChannelpool size = 0, active threads = 0, queued tasks = 0, completed tasks = 4], sockJsScheduler[pool size = 4, active threads = 2, queued tasks = 1, completed tasks = 21886]
2018-09-24 23:07:30 -WebSocketSession[1 current WS(1)-HttpStream(0)-HttpPoll(0), 3 total, 0 closed abnormally (0 connect failure, 0 send limit, 3 transport error)], stompSubProtocol[processed CONNECT(2)-CONNECTED(2)-DISCONNECT(0)], stompBrokerRelay[null], inboundChannel[pool size = 0, active threads = 0, queued tasks = 0, completed tasks = 24], outboundChannelpool size = 0, active threads = 0, queued tasks = 0, completed tasks = 4], sockJsScheduler[pool size = 4, active threads = 2, queued tasks = 1, completed tasks = 21887]
2018-09-24 23:07:30 -WebSocketSession[1 current WS(1)-HttpStream(0)-HttpPoll(0), 3 total, 0 closed abnormally (0 connect failure, 0 send limit, 3 transport error)], stompSubProtocol[processed CONNECT(2)-CONNECTED(2)-DISCONNECT(0)], stompBrokerRelay[null], inboundChannel[pool size = 0, active threads = 0, queued tasks = 0, completed tasks = 24], outboundChannelpool size = 0, active threads = 0, queued tasks = 0, completed tasks = 4], sockJsScheduler[pool size = 4, active threads = 2, queued tasks = 1, completed tasks = 21888]
2018-09-24 23:07:31 -WebSocketSession[1 current WS(1)-HttpStream(0)-HttpPoll(0), 3 total, 0 closed abnormally (0 connect failure, 0 send limit, 3 transport error)], stompSubProtocol[processed CONNECT(2)-CONNECTED(2)-DISCONNECT(0)], stompBrokerRelay[null], inboundChannel[pool size = 0, active threads = 0, queued tasks = 0, completed tasks = 24], outboundChannelpool size = 0, active threads = 0, queued tasks = 0, completed tasks = 4], sockJsScheduler[pool size = 4, active threads = 1, queued tasks = 2, completed tasks = 23104]
2018-09-24 23:07:31 -WebSocketSession[1 current WS(1)-HttpStream(0)-HttpPoll(0), 3 total, 0 closed abnormally (0 connect failure, 0 send limit, 3 transport error)], stompSubProtocol[processed CONNECT(2)-CONNECTED(2)-DISCONNECT(0)], stompBrokerRelay[null], inboundChannel[pool size = 0, active threads = 0, queued tasks = 0, completed tasks = 24], outboundChannelpool size = 0, active threads = 0, queued tasks = 0, completed tasks = 4], sockJsScheduler[pool size = 4, active threads = 1, queued tasks = 2, completed tasks = 23105]
2018-09-24 23:07:31 -WebSocketSession[1 current WS(1)-HttpStream(0)-HttpPoll(0), 3 total, 0 closed abnormally (0 connect failure, 0 send limit, 3 transport error)], stompSubProtocol[processed CONNECT(2)-CONNECTED(2)-DISCONNECT(0)], stompBrokerRelay[null], inboundChannel[pool size = 0, active threads = 0, queued tasks = 0, completed tasks = 24], outboundChannelpool size = 0, active threads = 0, queued tasks = 0, completed tasks = 4], sockJsScheduler[pool size = 4, active threads = 1, queued tasks = 2, completed tasks = 23106]
2018-09-24 23:07:31 -WebSocketSession[1 current WS(1)-HttpStream(0)-HttpPoll(0), 3 total, 0 closed abnormally (0 connect failure, 0 send limit, 3 transport error)], stompSubProtocol[processed CONNECT(2)-CONNECTED(2)-DISCONNECT(0)], stompBrokerRelay[null], inboundChannel[pool size = 0, active threads = 0, queued tasks = 0, completed tasks = 24], outboundChannelpool size = 0, active threads = 0, queued tasks = 0, completed tasks = 4], sockJsScheduler[pool size = 4, active threads = 1, queued tasks = 2, completed tasks = 23107]
2018-09-24 23:07:31 -WebSocketSession[1 current WS(1)-HttpStream(0)-HttpPoll(0), 3 total, 0 closed abnormally (0 connect failure, 0 send limit, 3 transport error)], stompSubProtocol[processed CONNECT(2)-CONNECTED(2)-DISCONNECT(0)], stompBrokerRelay[null], inboundChannel[pool size = 0, active threads = 0, queued tasks = 0, completed tasks = 24], outboundChannelpool size = 0, active threads = 0, queued tasks = 0, completed tasks = 4], sockJsScheduler[pool size = 4, active threads = 1, queued tasks = 2, completed tasks = 23108]
2018-09-24 23:07:31 -WebSocketSession[1 current WS(1)-HttpStream(0)-HttpPoll(0), 3 total, 0 closed abnormally (0 connect failure, 0 send limit, 3 transport error)], stompSubProtocol[processed CONNECT(2)-CONNECTED(2)-DISCONNECT(0)], stompBrokerRelay[null], inboundChannel[pool size = 0, active threads = 0, queued tasks = 0, completed tasks = 24], outboundChannelpool size = 0, active threads = 0, queued tasks = 0, completed tasks = 4], sockJsScheduler[pool size = 4, active threads = 1, queued tasks = 2, completed tasks = 23109]
2018-09-24 23:07:31 -WebSocketSession[1 current WS(1)-HttpStream(0)-HttpPoll(0), 3 total, 0 closed abnormally (0 connect failure, 0 send limit, 3 transport error)], stompSubProtocol[processed CONNECT(2)-CONNECTED(2)-DISCONNECT(0)], stompBrokerRelay[null], inboundChannel[pool size = 0, active threads = 0, queued tasks = 0, completed tasks = 24], outboundChannelpool size = 0, active threads = 0, queued tasks = 0, completed tasks = 4], sockJsScheduler[pool size = 4, active threads = 1, queued tasks = 2, completed tasks = 23110]
2018-09-24 23:07:31 -WebSocketSession[1 current WS(1)-HttpStream(0)-HttpPoll(0), 3 total, 0 closed abnormally (0 connect failure, 0 send limit, 3 transport error)], stompSubProtocol[processed CONNECT(2)-CONNECTED(2)-DISCONNECT(0)], stompBrokerRelay[null], inboundChannel[pool size = 0, active threads = 0, queued tasks = 0, completed tasks = 24], outboundChannelpool size = 0, active threads = 0, queued tasks = 0, completed tasks = 4], sockJsScheduler[pool size = 4, active threads = 1, queued tasks = 2, completed tasks = 23111]
2018-09-24 23:07:32 -WebSocketSession[1 current WS(1)-HttpStream(0)-HttpPoll(0), 3 total, 0 closed abnormally (0 connect failure, 0 send limit, 3 transport error)], stompSubProtocol[processed CONNECT(2)-CONNECTED(2)-DISCONNECT(0)], stompBrokerRelay[null], inboundChannel[pool size = 0, active threads = 0, queued tasks = 0, completed tasks = 24], outboundChannelpool size = 0, active threads = 0, queued tasks = 0, completed tasks = 4], sockJsScheduler[pool size = 4, active threads = 1, queued tasks = 2, completed tasks = 23112]
2018-09-24 23:07:32 -WebSocketSession[1 current WS(1)-HttpStream(0)-HttpPoll(0), 3 total, 0 closed abnormally (0 connect failure, 0 send limit, 3 transport error)], stompSubProtocol[processed CONNECT(2)-CONNECTED(2)-DISCONNECT(0)], stompBrokerRelay[null], inboundChannel[pool size = 0, active threads = 0, queued tasks = 0, completed tasks = 24], outboundChannelpool size = 0, active threads = 0, queued tasks = 0, completed tasks = 4], sockJsScheduler[pool size = 4, active threads = 1, queued tasks = 2, completed tasks = 23113]
2018-09-24 23:07:32 -WebSocketSession[1 current WS(1)-HttpStream(0)-HttpPoll(0), 3 total, 0 closed abnormally (0 connect failure, 0 send limit, 3 transport error)], stompSubProtocol[processed CONNECT(2)-CONNECTED(2)-DISCONNECT(0)], stompBrokerRelay[null], inboundChannel[pool size = 0, active threads = 0, queued tasks = 0, completed tasks = 24], outboundChannelpool size = 0, active threads = 0, queued tasks = 0, completed tasks = 4], sockJsScheduler[pool size = 4, active threads = 1, queued tasks = 2, completed tasks = 23114]
2018-09-24 23:07:32 -WebSocketSession[1 current WS(1)-HttpStream(0)-HttpPoll(0), 3 total, 0 closed abnormally (0 connect failure, 0 send limit, 3 transport error)], stompSubProtocol[processed CONNECT(2)-CONNECTED(2)-DISCONNECT(0)], stompBrokerRelay[null], inboundChannel[pool size = 0, active threads = 0, queued tasks = 0, completed tasks = 24], outboundChannelpool size = 0, active threads = 0, queued tasks = 0, completed tasks = 4], sockJsScheduler[pool size = 4, active threads = 1, queued tasks = 2, completed tasks = 23115]
2018-09-24 23:07:32 -WebSocketSession[1 current WS(1)-HttpStream(0)-HttpPoll(0), 3 total, 0 closed abnormally (0 connect failure, 0 send limit, 3 transport error)], stompSubProtocol[processed CONNECT(2)-CONNECTED(2)-DISCONNECT(0)], stompBrokerRelay[null], inboundChannel[pool size = 0, active threads = 0, queued tasks = 0, completed tasks = 24], outboundChannelpool size = 0, active threads = 0, queued tasks = 0, completed tasks = 4], sockJsScheduler[pool size = 4, active threads = 1, queued tasks = 2, completed tasks = 23116]
2018-09-24 23:07:32 -WebSocketSession[1 current WS(1)-HttpStream(0)-HttpPoll(0), 3 total, 0 closed abnormally (0 connect failure, 0 send limit, 3 transport error)], stompSubProtocol[processed CONNECT(2)-CONNECTED(2)-DISCONNECT(0)], stompBrokerRelay[null], inboundChannel[pool size = 0, active threads = 0, queued tasks = 0, completed tasks = 24], outboundChannelpool size = 0, active threads = 0, queued tasks = 0, completed tasks = 4], sockJsScheduler[pool size = 4, active threads = 1, queued tasks = 2, completed tasks = 23117]
2018-09-24 23:07:32 -WebSocketSession[1 current WS(1)-HttpStream(0)-HttpPoll(0), 3 total, 0 closed abnormally (0 connect failure, 0 send limit, 3 transport error)], stompSubProtocol[processed CONNECT(2)-CONNECTED(2)-DISCONNECT(0)], stompBrokerRelay[null], inboundChannel[pool size = 0, active threads = 0, queued tasks = 0, completed tasks = 24], outboundChannelpool size = 0, active threads = 0, queued tasks = 0, completed tasks = 4], sockJsScheduler[pool size = 4, active threads = 1, queued tasks = 2, completed tasks = 23118]
2018-09-24 23:07:32 -WebSocketSession[1 current WS(1)-HttpStream(0)-HttpPoll(0), 3 total, 0 closed abnormally (0 connect failure, 0 send limit, 3 transport error)], stompSubProtocol[processed CONNECT(2)-CONNECTED(2)-DISCONNECT(0)], stompBrokerRelay[null], inboundChannel[pool size = 0, active threads = 0, queued tasks = 0, completed tasks = 24], outboundChannelpool size = 0, active threads = 0, queued tasks = 0, completed tasks = 4], sockJsScheduler[pool size = 4, active threads = 1, queued tasks = 2, completed tasks = 23119]
2018-09-24 23:07:32 -WebSocketSession[1 current WS(1)-HttpStream(0)-HttpPoll(0), 3 total, 0 closed abnormally (0 connect failure, 0 send limit, 3 transport error)], stompSubProtocol[processed CONNECT(2)-CONNECTED(2)-DISCONNECT(0)], stompBrokerRelay[null], inboundChannel[pool size = 0, active threads = 0, queued tasks = 0, completed tasks = 24], outboundChannelpool size = 0, active threads = 0, queued tasks = 0, completed tasks = 4], sockJsScheduler[pool size = 4, active threads = 1, queued tasks = 2, completed tasks = 23120]
2018-09-24 23:07:32 -WebSocketSession[1 current WS(1)-HttpStream(0)-HttpPoll(0), 3 total, 0 closed abnormally (0 connect failure, 0 send limit, 3 transport error)], stompSubProtocol[processed CONNECT(2)-CONNECTED(2)-DISCONNECT(0)], stompBrokerRelay[null], inboundChannel[pool size = 0, active threads = 0, queued tasks = 0, completed tasks = 24], outboundChannelpool size = 0, active threads = 0, queued tasks = 0, completed tasks = 4], sockJsScheduler[pool size = 4, active threads = 1, queued tasks = 2, completed tasks = 23121]
2018-09-24 23:07:32 -WebSocketSession[1 current WS(1)-HttpStream(0)-HttpPoll(0), 3 total, 0 closed abnormally (0 connect failure, 0 send limit, 3 transport error)], stompSubProtocol[processed CONNECT(2)-CONNECTED(2)-DISCONNECT(0)], stompBrokerRelay[null], inboundChannel[pool size = 0, active threads = 0, queued tasks = 0, completed tasks = 24], outboundChannelpool size = 0, active threads = 0, queued tasks = 0, completed tasks = 4], sockJsScheduler[pool size = 4, active threads = 1, queued tasks = 2, completed tasks = 23122]
2018-09-24 23:07:32 -WebSocketSession[1 current WS(1)-HttpStream(0)-HttpPoll(0), 3 total, 0 closed abnormally (0 connect failure, 0 send limit, 3 transport error)], stompSubProtocol[processed CONNECT(2)-CONNECTED(2)-DISCONNECT(0)], stompBrokerRelay[null], inboundChannel[pool size = 0, active threads = 0, queued tasks = 0, completed tasks = 24], outboundChannelpool size = 0, active threads = 0, queued tasks = 0, completed tasks = 4], sockJsScheduler[pool size = 4, active threads = 1, queued tasks = 2, completed tasks = 23123]
2018-09-24 23:07:32 -WebSocketSession[1 current WS(1)-HttpStream(0)-HttpPoll(0), 3 total, 0 closed abnormally (0 connect failure, 0 send limit, 3 transport error)], stompSubProtocol[processed CONNECT(2)-CONNECTED(2)-DISCONNECT(0)], stompBrokerRelay[null], inboundChannel[pool size = 0, active threads = 0, queued tasks = 0, completed tasks = 24], outboundChannelpool size = 0, active threads = 0, queued tasks = 0, completed tasks = 4], sockJsScheduler[pool size = 4, active threads = 1, queued tasks = 2, completed tasks = 23124]
2018-09-24 23:07:32 -WebSocketSession[1 current WS(1)-HttpStream(0)-HttpPoll(0), 3 total, 0 closed abnormally (0 connect failure, 0 send limit, 3 transport error)], stompSubProtocol[processed CONNECT(2)-CONNECTED(2)-DISCONNECT(0)], stompBrokerRelay[null], inboundChannel[pool size = 0, active threads = 0, queued tasks = 0, completed tasks = 24], outboundChannelpool size = 0, active threads = 0, queued tasks = 0, completed tasks = 4], sockJsScheduler[pool size = 4, active threads = 1, queued tasks = 2, completed tasks = 23125]
2018-09-24 23:07:32 -WebSocketSession[1 current WS(1)-HttpStream(0)-HttpPoll(0), 3 total, 0 closed abnormally (0 connect failure, 0 send limit, 3 transport error)], stompSubProtocol[processed CONNECT(2)-CONNECTED(2)-DISCONNECT(0)], stompBrokerRelay[null], inboundChannel[pool size = 0, active threads = 0, queued tasks = 0, completed tasks = 24], outboundChannelpool size = 0, active threads = 0, queued tasks = 0, completed tasks = 4], sockJsScheduler[pool size = 4, active threads = 1, queued tasks = 2, completed tasks = 23126]
2018-09-24 23:07:32 -WebSocketSession[1 current WS(1)-HttpStream(0)-HttpPoll(0), 3 total, 0 closed abnormally (0 connect failure, 0 send limit, 3 transport error)], stompSubProtocol[processed CONNECT(2)-CONNECTED(2)-DISCONNECT(0)], stompBrokerRelay[null], inboundChannel[pool size = 0, active threads = 0, queued tasks = 0, completed tasks = 24], outboundChannelpool size = 0, active threads = 0, queued tasks = 0, completed tasks = 4], sockJsScheduler[pool size = 4, active threads = 1, queued tasks = 2, completed tasks = 23127]
2018-09-24 23:07:32 -WebSocketSession[1 current WS(1)-HttpStream(0)-HttpPoll(0), 3 total, 0 closed abnormally (0 connect failure, 0 send limit, 3 transport error)], stompSubProtocol[processed CONNECT(2)-CONNECTED(2)-DISCONNECT(0)], stompBrokerRelay[null], inboundChannel[pool size = 0, active threads = 0, queued tasks = 0, completed tasks = 24], outboundChannelpool size = 0, active threads = 0, queued tasks = 0, completed tasks = 4], sockJsScheduler[pool size = 4, active threads = 1, queued tasks = 2, completed tasks = 23128]
2018-09-24 23:07:32 -WebSocketSession[1 current WS(1)-HttpStream(0)-HttpPoll(0), 3 total, 0 closed abnormally (0 connect failure, 0 send limit, 3 transport error)], stompSubProtocol[processed CONNECT(2)-CONNECTED(2)-DISCONNECT(0)], stompBrokerRelay[null], inboundChannel[pool size = 0, active threads = 0, queued tasks = 0, completed tasks = 24], outboundChannelpool size = 0, active threads = 0, queued tasks = 0, completed tasks = 4], sockJsScheduler[pool size = 4, active threads = 1, queued tasks = 2, completed tasks = 23129]
2018-09-24 23:07:32 -WebSocketSession[1 current WS(1)-HttpStream(0)-HttpPoll(0), 3 total, 0 closed abnormally (0 connect failure, 0 send limit, 3 transport error)], stompSubProtocol[processed CONNECT(2)-CONNECTED(2)-DISCONNECT(0)], stompBrokerRelay[null], inboundChannel[pool size = 0, active threads = 0, queued tasks = 0, completed tasks = 24], outboundChannelpool size = 0, active threads = 0, queued tasks = 0, completed tasks = 4], sockJsScheduler[pool size = 4, active threads = 1, queued tasks = 2, completed tasks = 23130]
2018-09-24 23:07:32 -WebSocketSession[1 current WS(1)-HttpStream(0)-HttpPoll(0), 3 total, 0 closed abnormally (0 connect failure, 0 send limit, 3 transport error)], stompSubProtocol[processed CONNECT(2)-CONNECTED(2)-DISCONNECT(0)], stompBrokerRelay[null], inboundChannel[pool size = 0, active threads = 0, queued tasks = 0, completed tasks = 24], outboundChannelpool size = 0, active threads = 0, queued tasks = 0, completed tasks = 4], sockJsScheduler[pool size = 4, active threads = 1, queued tasks = 2, completed tasks = 23131]
2018-09-24 23:07:32 -WebSocketSession[1 current WS(1)-HttpStream(0)-HttpPoll(0), 3 total, 0 closed abnormally (0 connect failure, 0 send limit, 3 transport error)], stompSubProtocol[processed CONNECT(2)-CONNECTED(2)-DISCONNECT(0)], stompBrokerRelay[null], inboundChannel[pool size = 0, active threads = 0, queued tasks = 0, completed tasks = 24], outboundChannelpool size = 0, active threads = 0, queued tasks = 0, completed tasks = 4], sockJsScheduler[pool size = 4, active threads = 1, queued tasks = 2, completed tasks = 23132]
2018-09-24 23:07:32 -WebSocketSession[1 current WS(1)-HttpStream(0)-HttpPoll(0), 3 total, 0 closed abnormally (0 connect failure, 0 send limit, 3 transport error)], stompSubProtocol[processed CONNECT(2)-CONNECTED(2)-DISCONNECT(0)], stompBrokerRelay[null], inboundChannel[pool size = 0, active threads = 0, queued tasks = 0, completed tasks = 24], outboundChannelpool size = 0, active threads = 0, queued tasks = 0, completed tasks = 4], sockJsScheduler[pool size = 4, active threads = 1, queued tasks = 2, completed tasks = 23134]
2018-09-24 23:07:32 -WebSocketSession[1 current WS(1)-HttpStream(0)-HttpPoll(0), 3 total, 0 closed abnormally (0 connect failure, 0 send limit, 3 transport error)], stompSubProtocol[processed CONNECT(2)-CONNECTED(2)-DISCONNECT(0)], stompBrokerRelay[null], inboundChannel[pool size = 0, active threads = 0, queued tasks = 0, completed tasks = 24], outboundChannelpool size = 0, active threads = 0, queued tasks = 0, completed tasks = 4], sockJsScheduler[pool size = 4, active threads = 1, queued tasks = 2, completed tasks = 23135]
2018-09-24 23:07:32 -WebSocketSession[1 current WS(1)-HttpStream(0)-HttpPoll(0), 3 total, 0 closed abnormally (0 connect failure, 0 send limit, 3 transport error)], stompSubProtocol[processed CONNECT(2)-CONNECTED(2)-DISCONNECT(0)], stompBrokerRelay[null], inboundChannel[pool size = 0, active threads = 0, queued tasks = 0, completed tasks = 24], outboundChannelpool size = 0, active threads = 0, queued tasks = 0, completed tasks = 4], sockJsScheduler[pool size = 4, active threads = 1, queued tasks = 2, completed tasks = 23136]
2018-09-24 23:07:32 -WebSocketSession[1 current WS(1)-HttpStream(0)-HttpPoll(0), 3 total, 0 closed abnormally (0 connect failure, 0 send limit, 3 transport error)], stompSubProtocol[processed CONNECT(2)-CONNECTED(2)-DISCONNECT(0)], stompBrokerRelay[null], inboundChannel[pool size = 0, active threads = 0, queued tasks = 0, completed tasks = 24], outboundChannelpool size = 0, active threads = 0, queued tasks = 0, completed tasks = 4], sockJsScheduler[pool size = 4, active threads = 1, queued tasks = 2, completed tasks = 23137]
2018-09-24 23:07:32 -WebSocketSession[1 current WS(1)-HttpStream(0)-HttpPoll(0), 3 total, 0 closed abnormally (0 connect failure, 0 send limit, 3 transport error)], stompSubProtocol[processed CONNECT(2)-CONNECTED(2)-DISCONNECT(0)], stompBrokerRelay[null], inboundChannel[pool size = 0, active threads = 0, queued tasks = 0, completed tasks = 24], outboundChannelpool size = 0, active threads = 0, queued tasks = 0, completed tasks = 4], sockJsScheduler[pool size = 4, active threads = 1, queued tasks = 2, completed tasks = 23138]
2018-09-24 23:07:33 -WebSocketSession[1 current WS(1)-HttpStream(0)-HttpPoll(0), 3 total, 0 closed abnormally (0 connect failure, 0 send limit, 3 transport error)], stompSubProtocol[processed CONNECT(2)-CONNECTED(2)-DISCONNECT(0)], stompBrokerRelay[null], inboundChannel[pool size = 0, active threads = 0, queued tasks = 0, completed tasks = 24], outboundChannelpool size = 0, active threads = 0, queued tasks = 0, completed tasks = 4], sockJsScheduler[pool size = 4, active threads = 1, queued tasks = 2, completed tasks = 23139]
2018-09-24 23:07:33 -WebSocketSession[1 current WS(1)-HttpStream(0)-HttpPoll(0), 3 total, 0 closed abnormally (0 connect failure, 0 send limit, 3 transport error)], stompSubProtocol[processed CONNECT(2)-CONNECTED(2)-DISCONNECT(0)], stompBrokerRelay[null], inboundChannel[pool size = 0, active threads = 0, queued tasks = 0, completed tasks = 24], outboundChannelpool size = 0, active threads = 0, queued tasks = 0, completed tasks = 4], sockJsScheduler[pool size = 4, active threads = 1, queued tasks = 2, completed tasks = 23140]
2018-09-24 23:07:33 -WebSocketSession[1 current WS(1)-HttpStream(0)-HttpPoll(0), 3 total, 0 closed abnormally (0 connect failure, 0 send limit, 3 transport error)], stompSubProtocol[processed CONNECT(2)-CONNECTED(2)-DISCONNECT(0)], stompBrokerRelay[null], inboundChannel[pool size = 0, active threads = 0, queued tasks = 0, completed tasks = 24], outboundChannelpool size = 0, active threads = 0, queued tasks = 0, completed tasks = 4], sockJsScheduler[pool size = 4, active threads = 1, queued tasks = 2, completed tasks = 23141]
2018-09-24 23:07:33 -WebSocketSession[1 current WS(1)-HttpStream(0)-HttpPoll(0), 3 total, 0 closed abnormally (0 connect failure, 0 send limit, 3 transport error)], stompSubProtocol[processed CONNECT(2)-CONNECTED(2)-DISCONNECT(0)], stompBrokerRelay[null], inboundChannel[pool size = 0, active threads = 0, queued tasks = 0, completed tasks = 24], outboundChannelpool size = 0, active threads = 0, queued tasks = 0, completed tasks = 4], sockJsScheduler[pool size = 4, active threads = 1, queued tasks = 2, completed tasks = 23142]
2018-09-24 23:07:33 -WebSocketSession[1 current WS(1)-HttpStream(0)-HttpPoll(0), 3 total, 0 closed abnormally (0 connect failure, 0 send limit, 3 transport error)], stompSubProtocol[processed CONNECT(2)-CONNECTED(2)-DISCONNECT(0)], stompBrokerRelay[null], inboundChannel[pool size = 0, active threads = 0, queued tasks = 0, completed tasks = 24], outboundChannelpool size = 0, active threads = 0, queued tasks = 0, completed tasks = 4], sockJsScheduler[pool size = 4, active threads = 1, queued tasks = 2, completed tasks = 23143]
2018-09-24 23:07:33 -WebSocketSession[1 current WS(1)-HttpStream(0)-HttpPoll(0), 3 total, 0 closed abnormally (0 connect failure, 0 send limit, 3 transport error)], stompSubProtocol[processed CONNECT(2)-CONNECTED(2)-DISCONNECT(0)], stompBrokerRelay[null], inboundChannel[pool size = 0, active threads = 0, queued tasks = 0, completed tasks = 24], outboundChannelpool size = 0, active threads = 0, queued tasks = 0, completed tasks = 4], sockJsScheduler[pool size = 4, active threads = 1, queued tasks = 2, completed tasks = 23144]
2018-09-24 23:07:33 -WebSocketSession[1 current WS(1)-HttpStream(0)-HttpPoll(0), 3 total, 0 closed abnormally (0 connect failure, 0 send limit, 3 transport error)], stompSubProtocol[processed CONNECT(2)-CONNECTED(2)-DISCONNECT(0)], stompBrokerRelay[null], inboundChannel[pool size = 0, active threads = 0, queued tasks = 0, completed tasks = 24], outboundChannelpool size = 0, active threads = 0, queued tasks = 0, completed tasks = 4], sockJsScheduler[pool size = 4, active threads = 1, queued tasks = 2, completed tasks = 23145]
2018-09-24 23:07:33 -WebSocketSession[1 current WS(1)-HttpStream(0)-HttpPoll(0), 3 total, 0 closed abnormally (0 connect failure, 0 send limit, 3 transport error)], stompSubProtocol[processed CONNECT(2)-CONNECTED(2)-DISCONNECT(0)], stompBrokerRelay[null], inboundChannel[pool size = 0, active threads = 0, queued tasks = 0, completed tasks = 24], outboundChannelpool size = 0, active threads = 0, queued tasks = 0, completed tasks = 4], sockJsScheduler[pool size = 4, active threads = 1, queued tasks = 2, completed tasks = 23146]
2018-09-24 23:08:55 -Validating all active sessions...
2018-09-24 23:08:55 -Finished session validation.  [1] sessions were stopped.
2018-09-24 23:08:55 -Validating all active sessions...
2018-09-24 23:08:55 -Finished session validation.  No sessions were stopped.
2018-09-24 23:08:55 -Validating all active sessions...
2018-09-24 23:08:55 -Finished session validation.  No sessions were stopped.
2018-09-24 23:08:55 -Validating all active sessions...
2018-09-24 23:08:55 -Finished session validation.  No sessions were stopped.
2018-09-24 23:08:55 -Validating all active sessions...
2018-09-24 23:08:55 -Finished session validation.  No sessions were stopped.
2018-09-24 23:08:55 -Validating all active sessions...
2018-09-24 23:08:55 -Finished session validation.  No sessions were stopped.
2018-09-24 23:08:55 -Validating all active sessions...
2018-09-24 23:08:55 -Finished session validation.  No sessions were stopped.
2018-09-24 23:08:55 -Validating all active sessions...
2018-09-24 23:08:55 -Finished session validation.  No sessions were stopped.
2018-09-24 23:08:55 -Validating all active sessions...
2018-09-24 23:08:55 -Finished session validation.  No sessions were stopped.
2018-09-24 23:08:55 -Validating all active sessions...
2018-09-24 23:08:55 -Finished session validation.  No sessions were stopped.
2018-09-24 23:08:55 -Validating all active sessions...
2018-09-24 23:08:55 -Finished session validation.  No sessions were stopped.
2018-09-24 23:08:55 -Validating all active sessions...
2018-09-24 23:08:55 -Finished session validation.  No sessions were stopped.
2018-09-24 23:08:55 -Validating all active sessions...
2018-09-24 23:08:55 -Finished session validation.  No sessions were stopped.
2018-09-24 23:08:55 -Validating all active sessions...
2018-09-24 23:08:55 -Finished session validation.  No sessions were stopped.
2018-09-24 23:08:55 -Validating all active sessions...
2018-09-24 23:08:55 -Finished session validation.  No sessions were stopped.
2018-09-24 23:08:55 -Validating all active sessions...
2018-09-24 23:08:55 -Finished session validation.  No sessions were stopped.
2018-09-24 23:08:55 -Validating all active sessions...
2018-09-24 23:08:55 -Finished session validation.  No sessions were stopped.
2018-09-24 23:08:55 -Validating all active sessions...
2018-09-24 23:08:55 -Finished session validation.  No sessions were stopped.
2018-09-24 23:08:55 -Validating all active sessions...
2018-09-24 23:08:55 -Finished session validation.  No sessions were stopped.
2018-09-24 23:08:55 -Validating all active sessions...
2018-09-24 23:08:55 -Finished session validation.  No sessions were stopped.
2018-09-24 23:08:55 -Validating all active sessions...
2018-09-24 23:08:55 -Finished session validation.  No sessions were stopped.
2018-09-24 23:08:55 -Validating all active sessions...
2018-09-24 23:08:55 -Finished session validation.  No sessions were stopped.
2018-09-24 23:08:55 -Validating all active sessions...
2018-09-24 23:08:55 -Finished session validation.  No sessions were stopped.
2018-09-24 23:08:55 -Validating all active sessions...
2018-09-24 23:08:55 -Finished session validation.  No sessions were stopped.
2018-09-24 23:08:55 -Validating all active sessions...
2018-09-24 23:08:55 -Finished session validation.  No sessions were stopped.
2018-09-24 23:08:55 -Validating all active sessions...
2018-09-24 23:08:55 -Finished session validation.  No sessions were stopped.
2018-09-24 23:08:55 -Validating all active sessions...
2018-09-24 23:08:55 -Finished session validation.  No sessions were stopped.
2018-09-24 23:08:55 -Validating all active sessions...
2018-09-24 23:08:55 -Finished session validation.  No sessions were stopped.
2018-09-24 23:08:55 -Validating all active sessions...
2018-09-24 23:08:55 -Finished session validation.  No sessions were stopped.
2018-09-24 23:13:14 -Starting HnjxApplication on DESKTOP-PQ2IRK6 with PID 2520 (E:\workspace\cms\hnjx\target\classes started by Administer in E:\workspace\cms\hnjx)
2018-09-24 23:13:14 -The following profiles are active: dev
2018-09-24 23:13:15 -HV000001: Hibernate Validator 5.3.6.Final
2018-09-24 23:13:15 -Refreshing org.springframework.boot.context.embedded.AnnotationConfigEmbeddedWebApplicationContext@10feca44: startup date [Mon Sep 24 23:13:15 CST 2018]; root of context hierarchy
2018-09-24 23:13:18 -Bean 'org.springframework.cache.annotation.ProxyCachingConfiguration' of type [org.springframework.cache.annotation.ProxyCachingConfiguration$$EnhancerBySpringCGLIB$$73204b96] is not eligible for getting processed by all BeanPostProcessors (for example: not eligible for auto-proxying)
2018-09-24 23:13:18 -Bean 'org.springframework.boot.autoconfigure.cache.CacheAutoConfiguration' of type [org.springframework.boot.autoconfigure.cache.CacheAutoConfiguration$$EnhancerBySpringCGLIB$$6794103a] is not eligible for getting processed by all BeanPostProcessors (for example: not eligible for auto-proxying)
2018-09-24 23:13:19 -Bean 'spring.cache-org.springframework.boot.autoconfigure.cache.CacheProperties' of type [org.springframework.boot.autoconfigure.cache.CacheProperties] is not eligible for getting processed by all BeanPostProcessors (for example: not eligible for auto-proxying)
2018-09-24 23:13:19 -Bean 'cacheManagerCustomizers' of type [org.springframework.boot.autoconfigure.cache.CacheManagerCustomizers] is not eligible for getting processed by all BeanPostProcessors (for example: not eligible for auto-proxying)
2018-09-24 23:13:19 -Bean 'org.springframework.boot.autoconfigure.cache.EhCacheCacheConfiguration' of type [org.springframework.boot.autoconfigure.cache.EhCacheCacheConfiguration$$EnhancerBySpringCGLIB$$232dd38] is not eligible for getting processed by all BeanPostProcessors (for example: not eligible for auto-proxying)
2018-09-24 23:13:19 -Bean 'ehCacheCacheManager' of type [net.sf.ehcache.CacheManager] is not eligible for getting processed by all BeanPostProcessors (for example: not eligible for auto-proxying)
2018-09-24 23:13:19 -Bean 'cacheManager' of type [org.springframework.cache.ehcache.EhCacheCacheManager] is not eligible for getting processed by all BeanPostProcessors (for example: not eligible for auto-proxying)
2018-09-24 23:13:19 -Bean 'cacheAutoConfigurationValidator' of type [org.springframework.boot.autoconfigure.cache.CacheAutoConfiguration$CacheManagerValidator] is not eligible for getting processed by all BeanPostProcessors (for example: not eligible for auto-proxying)
2018-09-24 23:13:19 -Bean 'org.springframework.transaction.annotation.ProxyTransactionManagementConfiguration' of type [org.springframework.transaction.annotation.ProxyTransactionManagementConfiguration$$EnhancerBySpringCGLIB$$2a0e1578] is not eligible for getting processed by all BeanPostProcessors (for example: not eligible for auto-proxying)
2018-09-24 23:13:19 -Bean 'shiroConfig' of type [com.cloudht.common.config.ShiroConfig$$EnhancerBySpringCGLIB$$5511a4ad] is not eligible for getting processed by all BeanPostProcessors (for example: not eligible for auto-proxying)
2018-09-24 23:13:20 -Bean 'userRealm' of type [com.cloudht.common.config.UserRealm] is not eligible for getting processed by all BeanPostProcessors (for example: not eligible for auto-proxying)
2018-09-24 23:13:20 -No configuration found. Configuring ehcache from ehcache-failsafe.xml  found in the classpath: jar:file:/E:/software/maven-stroe/net/sf/ehcache/ehcache-core/2.5.3/ehcache-core-2.5.3.jar!/ehcache-failsafe.xml
2018-09-24 23:13:20 -Bean 'ehCacheManager' of type [org.apache.shiro.cache.ehcache.EhCacheManager] is not eligible for getting processed by all BeanPostProcessors (for example: not eligible for auto-proxying)
2018-09-24 23:13:20 -Cache with name 'com.cloudht.common.config.UserRealm.authorizationCache' does not yet exist.  Creating now.
2018-09-24 23:13:20 -Added EhCache named [com.cloudht.common.config.UserRealm.authorizationCache]
2018-09-24 23:13:20 -Bean 'sessionDAO' of type [org.apache.shiro.session.mgt.eis.MemorySessionDAO] is not eligible for getting processed by all BeanPostProcessors (for example: not eligible for auto-proxying)
2018-09-24 23:13:20 -Bean 'sessionManager' of type [org.apache.shiro.web.session.mgt.DefaultWebSessionManager] is not eligible for getting processed by all BeanPostProcessors (for example: not eligible for auto-proxying)
2018-09-24 23:13:20 -Bean 'securityManager' of type [org.apache.shiro.web.mgt.DefaultWebSecurityManager] is not eligible for getting processed by all BeanPostProcessors (for example: not eligible for auto-proxying)
2018-09-24 23:13:20 -Bean 'authorizationAttributeSourceAdvisor' of type [org.apache.shiro.spring.security.interceptor.AuthorizationAttributeSourceAdvisor] is not eligible for getting processed by all BeanPostProcessors (for example: not eligible for auto-proxying)
2018-09-24 23:13:21 -Tomcat initialized with port(s): 8084 (http)
2018-09-24 23:13:21 -Starting service [Tomcat]
2018-09-24 23:13:21 -Starting Servlet Engine: Apache Tomcat/8.5.23
2018-09-24 23:13:21 -Initializing Spring embedded WebApplicationContext
2018-09-24 23:13:21 -Root WebApplicationContext: initialization completed in 6009 ms
2018-09-24 23:13:22 -Mapping filter: 'characterEncodingFilter' to: [/*]
2018-09-24 23:13:22 -Mapping filter: 'hiddenHttpMethodFilter' to: [/*]
2018-09-24 23:13:22 -Mapping filter: 'httpPutFormContentFilter' to: [/*]
2018-09-24 23:13:22 -Mapping filter: 'requestContextFilter' to: [/*]
2018-09-24 23:13:22 -Filter xssFilter was not registered (disabled)
2018-09-24 23:13:22 -Mapping filter: 'webStatFilter' to urls: [/*]
2018-09-24 23:13:22 -Mapping filter: 'shiroFilterFactoryBean' to: [/*]
2018-09-24 23:13:22 -Mapping servlet: 'statViewServlet' to [/druid/*]
2018-09-24 23:13:22 -Mapping servlet: 'dispatcherServlet' to [/]
2018-09-24 23:13:23 -{dataSource-1} inited
2018-09-24 23:13:28 -Using default implementation for ThreadExecutor
2018-09-24 23:13:28 -Initialized Scheduler Signaller of type: class org.quartz.core.SchedulerSignalerImpl
2018-09-24 23:13:28 -Quartz Scheduler v.2.2.1 created.
2018-09-24 23:13:28 -RAMJobStore initialized.
2018-09-24 23:13:28 -Scheduler meta-data: Quartz Scheduler (v2.2.1) 'schedulerFactoryBean' with instanceId 'NON_CLUSTERED'
  Scheduler class: 'org.quartz.core.QuartzScheduler' - running locally.
  NOT STARTED.
  Currently in standby mode.
  Number of jobs executed: 0
  Using thread pool 'org.quartz.simpl.SimpleThreadPool' - with 10 threads.
  Using job-store 'org.quartz.simpl.RAMJobStore' - which does not support persistence. and is not clustered.

2018-09-24 23:13:28 -Quartz scheduler 'schedulerFactoryBean' initialized from an externally provided properties instance.
2018-09-24 23:13:28 -Quartz scheduler version: 2.2.1
2018-09-24 23:13:28 -JobFactory set to: com.cloudht.common.quartz.factory.JobFactory@781aff8b
2018-09-24 23:13:30 -Mapped "{[/common/dict/add],methods=[GET]}" onto java.lang.String com.cloudht.common.controller.DictController.add()
2018-09-24 23:13:30 -Mapped "{[/common/dict/remove],methods=[POST]}" onto public com.sxyht.common.utils.R com.cloudht.common.controller.DictController.remove(java.lang.Long)
2018-09-24 23:13:30 -Mapped "{[/common/dict/batchRemove],methods=[POST]}" onto public com.sxyht.common.utils.R com.cloudht.common.controller.DictController.remove(java.lang.Long[])
2018-09-24 23:13:30 -Mapped "{[/common/dict/update]}" onto public com.sxyht.common.utils.R com.cloudht.common.controller.DictController.update(com.cloudht.common.domain.DictDO)
2018-09-24 23:13:30 -Mapped "{[/common/dict/list],methods=[GET]}" onto public com.sxyht.common.utils.PageUtils com.cloudht.common.controller.DictController.list(java.util.Map<java.lang.String, java.lang.Object>)
2018-09-24 23:13:30 -Mapped "{[/common/dict/save],methods=[POST]}" onto public com.sxyht.common.utils.R com.cloudht.common.controller.DictController.save(com.cloudht.common.domain.DictDO)
2018-09-24 23:13:30 -Mapped "{[/common/dict/type],methods=[GET]}" onto public java.util.List<com.cloudht.common.domain.DictDO> com.cloudht.common.controller.DictController.listType()
2018-09-24 23:13:30 -Mapped "{[/common/dict],methods=[GET]}" onto java.lang.String com.cloudht.common.controller.DictController.dict()
2018-09-24 23:13:30 -Mapped "{[/common/dict/edit/{id}],methods=[GET]}" onto java.lang.String com.cloudht.common.controller.DictController.edit(java.lang.Long,org.springframework.ui.Model)
2018-09-24 23:13:30 -Mapped "{[/common/dict/add/{type}/{description}],methods=[GET]}" onto java.lang.String com.cloudht.common.controller.DictController.addD(org.springframework.ui.Model,java.lang.String,java.lang.String)
2018-09-24 23:13:30 -Mapped "{[/common/dict/list/{type}],methods=[GET]}" onto public java.util.List<com.cloudht.common.domain.DictDO> com.cloudht.common.controller.DictController.listByType(java.lang.String)
2018-09-24 23:13:30 -Mapped "{[/common/sysFile/add],methods=[GET]}" onto java.lang.String com.cloudht.common.controller.FileController.add()
2018-09-24 23:13:30 -Mapped "{[/common/sysFile/remove],methods=[POST]}" onto public com.sxyht.common.utils.R com.cloudht.common.controller.FileController.remove(java.lang.Long,javax.servlet.http.HttpServletRequest)
2018-09-24 23:13:30 -Mapped "{[/common/sysFile/batchRemove],methods=[POST]}" onto public com.sxyht.common.utils.R com.cloudht.common.controller.FileController.remove(java.lang.Long[])
2018-09-24 23:13:30 -Mapped "{[/common/sysFile/update]}" onto public com.sxyht.common.utils.R com.cloudht.common.controller.FileController.update(com.cloudht.common.domain.FileDO)
2018-09-24 23:13:30 -Mapped "{[/common/sysFile/list],methods=[GET]}" onto public com.sxyht.common.utils.PageUtils com.cloudht.common.controller.FileController.list(java.util.Map<java.lang.String, java.lang.Object>)
2018-09-24 23:13:30 -Mapped "{[/common/sysFile/save],methods=[POST]}" onto public com.sxyht.common.utils.R com.cloudht.common.controller.FileController.save(com.cloudht.common.domain.FileDO)
2018-09-24 23:13:30 -Mapped "{[/common/sysFile/info/{id}]}" onto public com.sxyht.common.utils.R com.cloudht.common.controller.FileController.info(java.lang.Long)
2018-09-24 23:13:30 -Mapped "{[/common/sysFile],methods=[GET]}" onto java.lang.String com.cloudht.common.controller.FileController.sysFile(org.springframework.ui.Model)
2018-09-24 23:13:30 -Mapped "{[/common/sysFile/edit],methods=[GET]}" onto java.lang.String com.cloudht.common.controller.FileController.edit(java.lang.Long,org.springframework.ui.Model)
2018-09-24 23:13:30 -Mapped "{[/common/sysFile/upload],methods=[POST]}" onto com.sxyht.common.utils.R com.cloudht.common.controller.FileController.upload(org.springframework.web.multipart.MultipartFile,javax.servlet.http.HttpServletRequest)
2018-09-24 23:13:30 -Mapped "{[/common/generator/update],methods=[POST]}" onto com.sxyht.common.utils.R com.cloudht.common.controller.GeneratorController.update(java.util.Map<java.lang.String, java.lang.Object>)
2018-09-24 23:13:30 -Mapped "{[/common/generator/list],methods=[GET]}" onto java.util.List<java.util.Map<java.lang.String, java.lang.Object>> com.cloudht.common.controller.GeneratorController.list()
2018-09-24 23:13:30 -Mapped "{[/common/generator/code/{tableName}]}" onto public void com.cloudht.common.controller.GeneratorController.code(javax.servlet.http.HttpServletRequest,javax.servlet.http.HttpServletResponse,java.lang.String) throws java.io.IOException
2018-09-24 23:13:30 -Mapped "{[/common/generator],methods=[GET]}" onto java.lang.String com.cloudht.common.controller.GeneratorController.generator()
2018-09-24 23:13:30 -Mapped "{[/common/generator/edit],methods=[GET]}" onto public java.lang.String com.cloudht.common.controller.GeneratorController.edit(org.springframework.ui.Model)
2018-09-24 23:13:30 -Mapped "{[/common/generator/batchCode]}" onto public void com.cloudht.common.controller.GeneratorController.batchCode(javax.servlet.http.HttpServletRequest,javax.servlet.http.HttpServletResponse,java.lang.String) throws java.io.IOException
2018-09-24 23:13:30 -Mapped "{[/common/job/add],methods=[GET]}" onto java.lang.String com.cloudht.common.controller.JobController.add()
2018-09-24 23:13:30 -Mapped "{[/common/job/remove],methods=[POST]}" onto public com.sxyht.common.utils.R com.cloudht.common.controller.JobController.remove(java.lang.Long)
2018-09-24 23:13:30 -Mapped "{[/common/job/batchRemove],methods=[POST]}" onto public com.sxyht.common.utils.R com.cloudht.common.controller.JobController.remove(java.lang.Long[])
2018-09-24 23:13:30 -Mapped "{[/common/job/update],methods=[POST]}" onto public com.sxyht.common.utils.R com.cloudht.common.controller.JobController.update(com.cloudht.common.domain.TaskDO)
2018-09-24 23:13:30 -Mapped "{[/common/job/list],methods=[GET]}" onto public com.sxyht.common.utils.PageUtils com.cloudht.common.controller.JobController.list(java.util.Map<java.lang.String, java.lang.Object>)
2018-09-24 23:13:30 -Mapped "{[/common/job/save],methods=[POST]}" onto public com.sxyht.common.utils.R com.cloudht.common.controller.JobController.save(com.cloudht.common.domain.TaskDO)
2018-09-24 23:13:30 -Mapped "{[/common/job/info/{id}]}" onto public com.sxyht.common.utils.R com.cloudht.common.controller.JobController.info(java.lang.Long)
2018-09-24 23:13:30 -Mapped "{[/common/job/edit/{id}],methods=[GET]}" onto java.lang.String com.cloudht.common.controller.JobController.edit(java.lang.Long,org.springframework.ui.Model)
2018-09-24 23:13:30 -Mapped "{[/common/job/changeJobStatus],methods=[POST]}" onto public com.sxyht.common.utils.R com.cloudht.common.controller.JobController.changeJobStatus(java.lang.Long,java.lang.String)
2018-09-24 23:13:30 -Mapped "{[/common/job],methods=[GET]}" onto java.lang.String com.cloudht.common.controller.JobController.taskScheduleJob()
2018-09-24 23:13:30 -Mapped "{[/common/log/remove],methods=[POST]}" onto com.sxyht.common.utils.R com.cloudht.common.controller.LogController.remove(java.lang.Long)
2018-09-24 23:13:30 -Mapped "{[/common/log],methods=[GET]}" onto java.lang.String com.cloudht.common.controller.LogController.log()
2018-09-24 23:13:30 -Mapped "{[/common/log/list],methods=[GET]}" onto com.cloudht.common.domain.PageDO<com.cloudht.common.domain.LogDO> com.cloudht.common.controller.LogController.list(java.util.Map<java.lang.String, java.lang.Object>)
2018-09-24 23:13:30 -Mapped "{[/common/log/batchRemove],methods=[POST]}" onto com.sxyht.common.utils.R com.cloudht.common.controller.LogController.batchRemove(java.lang.Long[])
2018-09-24 23:13:30 -Mapped "{[/error]}" onto public com.sxyht.common.utils.R com.cloudht.common.exception.MainsiteErrorController.handleError(javax.servlet.http.HttpServletRequest,javax.servlet.http.HttpServletResponse)
2018-09-24 23:13:30 -Mapped "{[/error],produces=[text/html]}" onto public org.springframework.web.servlet.ModelAndView com.cloudht.common.exception.MainsiteErrorController.errorHtml(javax.servlet.http.HttpServletRequest,javax.servlet.http.HttpServletResponse)
2018-09-24 23:13:30 -Mapped "{[/cont/contCategory/add],methods=[GET]}" onto java.lang.String com.cloudht.cont.controller.ContCategoryController.add(java.lang.Integer,org.springframework.ui.Model)
2018-09-24 23:13:30 -Mapped "{[/cont/contCategory/remove],methods=[POST]}" onto public com.sxyht.common.utils.R com.cloudht.cont.controller.ContCategoryController.remove(java.lang.Integer)
2018-09-24 23:13:30 -Mapped "{[/cont/contCategory/batchRemove],methods=[POST]}" onto public com.sxyht.common.utils.R com.cloudht.cont.controller.ContCategoryController.remove(java.lang.Integer[])
2018-09-24 23:13:30 -Mapped "{[/cont/contCategory/update]}" onto public com.sxyht.common.utils.R com.cloudht.cont.controller.ContCategoryController.update(com.cloudht.cont.domain.ContCategoryDO)
2018-09-24 23:13:30 -Mapped "{[/cont/contCategory/list],methods=[GET]}" onto public java.util.List<com.cloudht.cont.domain.ContCategoryDO> com.cloudht.cont.controller.ContCategoryController.list(java.util.Map<java.lang.String, java.lang.Object>)
2018-09-24 23:13:30 -Mapped "{[/cont/contCategory/save],methods=[POST]}" onto public com.sxyht.common.utils.R com.cloudht.cont.controller.ContCategoryController.save(com.cloudht.cont.domain.ContCategoryDO)
2018-09-24 23:13:30 -Mapped "{[/cont/contCategory/tree],methods=[GET]}" onto com.cloudht.common.domain.Tree<com.cloudht.cont.domain.ContCategoryDO> com.cloudht.cont.controller.ContCategoryController.tree()
2018-09-24 23:13:30 -Mapped "{[/cont/contCategory/edit/{contCategoryId}],methods=[GET]}" onto java.lang.String com.cloudht.cont.controller.ContCategoryController.edit(java.lang.Integer,org.springframework.ui.Model)
2018-09-24 23:13:30 -Mapped "{[/cont/contCategory],methods=[GET]}" onto java.lang.String com.cloudht.cont.controller.ContCategoryController.ContCategory()
2018-09-24 23:13:30 -Mapped "{[/cont/contCategory/treeView],methods=[GET]}" onto public java.lang.String com.cloudht.cont.controller.ContCategoryController.treeView()
2018-09-24 23:13:30 -Mapped "{[/cont/contProduct/add],methods=[GET]}" onto java.lang.String com.cloudht.cont.controller.ContProductController.add()
2018-09-24 23:13:30 -Mapped "{[/cont/contProduct/batchRemove],methods=[POST]}" onto public com.sxyht.common.utils.R com.cloudht.cont.controller.ContProductController.remove(java.lang.Integer[])
2018-09-24 23:13:30 -Mapped "{[/cont/contProduct/remove],methods=[POST]}" onto public com.sxyht.common.utils.R com.cloudht.cont.controller.ContProductController.remove(java.lang.Integer)
2018-09-24 23:13:30 -Mapped "{[/cont/contProduct/update]}" onto public com.sxyht.common.utils.R com.cloudht.cont.controller.ContProductController.update(com.cloudht.cont.domain.ContProductDO)
2018-09-24 23:13:30 -Mapped "{[/cont/contProduct/list],methods=[GET]}" onto public com.sxyht.common.utils.PageUtils com.cloudht.cont.controller.ContProductController.list(java.util.Map<java.lang.String, java.lang.Object>)
2018-09-24 23:13:30 -Mapped "{[/cont/contProduct/save],methods=[POST]}" onto public com.sxyht.common.utils.R com.cloudht.cont.controller.ContProductController.save(com.cloudht.cont.domain.ContProductDO)
2018-09-24 23:13:30 -Mapped "{[/cont/contProduct/setParams/{contProductId}],methods=[GET]}" onto java.lang.String com.cloudht.cont.controller.ContProductController.setParams(java.lang.Integer,org.springframework.ui.Model)
2018-09-24 23:13:30 -Mapped "{[/cont/contProduct/edit/{contProductId}],methods=[GET]}" onto java.lang.String com.cloudht.cont.controller.ContProductController.edit(java.lang.Integer,org.springframework.ui.Model)
2018-09-24 23:13:30 -Mapped "{[/cont/contProduct/saveImg],methods=[POST]}" onto public com.sxyht.common.utils.R com.cloudht.cont.controller.ContProductController.saveImg(com.cloudht.cont.domain.ContProductImgDO)
2018-09-24 23:13:30 -Mapped "{[/cont/contProduct/saveInfo],methods=[POST]}" onto public com.sxyht.common.utils.R com.cloudht.cont.controller.ContProductController.saveInfo(java.lang.String)
2018-09-24 23:13:30 -Mapped "{[/cont/contProduct/leftCategoryList],methods=[GET]}" onto public com.sxyht.common.utils.PageUtils com.cloudht.cont.controller.ContProductController.leftCategoryList(java.util.Map<java.lang.String, java.lang.Object>)
2018-09-24 23:13:30 -Mapped "{[/cont/contProduct/setInfo/{contProductId}],methods=[GET]}" onto java.lang.String com.cloudht.cont.controller.ContProductController.setInfo(java.lang.Integer,org.springframework.ui.Model)
2018-09-24 23:13:30 -Mapped "{[/cont/contProduct/saveParams],methods=[POST]}" onto public com.sxyht.common.utils.R com.cloudht.cont.controller.ContProductController.saveParams(com.cloudht.cont.domain.ContProductParamDO)
2018-09-24 23:13:30 -Mapped "{[/cont/contProduct/setImg/{contProductId}],methods=[GET]}" onto java.lang.String com.cloudht.cont.controller.ContProductController.setImg(java.lang.Integer,org.springframework.ui.Model)
2018-09-24 23:13:30 -Mapped "{[/cont/contProduct],methods=[GET]}" onto java.lang.String com.cloudht.cont.controller.ContProductController.ContProduct()
2018-09-24 23:13:30 -Mapped "{[/cont/contProductImg/add],methods=[GET]}" onto java.lang.String com.cloudht.cont.controller.ContProductImgController.add()
2018-09-24 23:13:30 -Mapped "{[/cont/contProductImg/remove],methods=[POST]}" onto public com.sxyht.common.utils.R com.cloudht.cont.controller.ContProductImgController.remove(java.lang.Integer)
2018-09-24 23:13:30 -Mapped "{[/cont/contProductImg/batchRemove],methods=[POST]}" onto public com.sxyht.common.utils.R com.cloudht.cont.controller.ContProductImgController.remove(java.lang.Integer[])
2018-09-24 23:13:30 -Mapped "{[/cont/contProductImg/update]}" onto public com.sxyht.common.utils.R com.cloudht.cont.controller.ContProductImgController.update(com.cloudht.cont.domain.ContProductImgDO)
2018-09-24 23:13:30 -Mapped "{[/cont/contProductImg/list],methods=[GET]}" onto public com.sxyht.common.utils.PageUtils com.cloudht.cont.controller.ContProductImgController.list(java.util.Map<java.lang.String, java.lang.Object>)
2018-09-24 23:13:30 -Mapped "{[/cont/contProductImg/save],methods=[POST]}" onto public com.sxyht.common.utils.R com.cloudht.cont.controller.ContProductImgController.save(com.cloudht.cont.domain.ContProductImgDO)
2018-09-24 23:13:30 -Mapped "{[/cont/contProductImg/edit/{contProductImgId}],methods=[GET]}" onto java.lang.String com.cloudht.cont.controller.ContProductImgController.edit(java.lang.Integer,org.springframework.ui.Model)
2018-09-24 23:13:30 -Mapped "{[/cont/contProductImg],methods=[GET]}" onto java.lang.String com.cloudht.cont.controller.ContProductImgController.ContProductImg()
2018-09-24 23:13:30 -Mapped "{[/cont/contProductInfo/add],methods=[GET]}" onto java.lang.String com.cloudht.cont.controller.ContProductInfoController.add()
2018-09-24 23:13:30 -Mapped "{[/cont/contProductInfo/remove],methods=[POST]}" onto public com.sxyht.common.utils.R com.cloudht.cont.controller.ContProductInfoController.remove(java.lang.Integer)
2018-09-24 23:13:30 -Mapped "{[/cont/contProductInfo/batchRemove],methods=[POST]}" onto public com.sxyht.common.utils.R com.cloudht.cont.controller.ContProductInfoController.remove(java.lang.Integer[])
2018-09-24 23:13:30 -Mapped "{[/cont/contProductInfo/update]}" onto public com.sxyht.common.utils.R com.cloudht.cont.controller.ContProductInfoController.update(com.cloudht.cont.domain.ContProductInfoDO)
2018-09-24 23:13:30 -Mapped "{[/cont/contProductInfo/list],methods=[GET]}" onto public com.sxyht.common.utils.PageUtils com.cloudht.cont.controller.ContProductInfoController.list(java.util.Map<java.lang.String, java.lang.Object>)
2018-09-24 23:13:30 -Mapped "{[/cont/contProductInfo/save],methods=[POST]}" onto public com.sxyht.common.utils.R com.cloudht.cont.controller.ContProductInfoController.save(com.cloudht.cont.domain.ContProductInfoDO)
2018-09-24 23:13:30 -Mapped "{[/cont/contProductInfo/edit/{contProductInfoId}],methods=[GET]}" onto java.lang.String com.cloudht.cont.controller.ContProductInfoController.edit(java.lang.Integer,org.springframework.ui.Model)
2018-09-24 23:13:30 -Mapped "{[/cont/contProductInfo],methods=[GET]}" onto java.lang.String com.cloudht.cont.controller.ContProductInfoController.ContProductInfo()
2018-09-24 23:13:30 -Mapped "{[/cont/contProductParam/add],methods=[GET]}" onto java.lang.String com.cloudht.cont.controller.ContProductParamController.add()
2018-09-24 23:13:30 -Mapped "{[/cont/contProductParam/remove],methods=[POST]}" onto public com.sxyht.common.utils.R com.cloudht.cont.controller.ContProductParamController.remove(java.lang.Integer)
2018-09-24 23:13:30 -Mapped "{[/cont/contProductParam/batchRemove],methods=[POST]}" onto public com.sxyht.common.utils.R com.cloudht.cont.controller.ContProductParamController.remove(java.lang.Integer[])
2018-09-24 23:13:30 -Mapped "{[/cont/contProductParam/update]}" onto public com.sxyht.common.utils.R com.cloudht.cont.controller.ContProductParamController.update(com.cloudht.cont.domain.ContProductParamDO)
2018-09-24 23:13:30 -Mapped "{[/cont/contProductParam/list],methods=[GET]}" onto public com.sxyht.common.utils.PageUtils com.cloudht.cont.controller.ContProductParamController.list(java.util.Map<java.lang.String, java.lang.Object>)
2018-09-24 23:13:30 -Mapped "{[/cont/contProductParam/save],methods=[POST]}" onto public com.sxyht.common.utils.R com.cloudht.cont.controller.ContProductParamController.save(com.cloudht.cont.domain.ContProductParamDO)
2018-09-24 23:13:30 -Mapped "{[/cont/contProductParam/edit/{contProductParamId}],methods=[GET]}" onto java.lang.String com.cloudht.cont.controller.ContProductParamController.edit(java.lang.Integer,org.springframework.ui.Model)
2018-09-24 23:13:30 -Mapped "{[/cont/contProductParam],methods=[GET]}" onto java.lang.String com.cloudht.cont.controller.ContProductParamController.ContProductParam()
2018-09-24 23:13:30 -Mapped "{[/cont/contProductPk/add],methods=[GET]}" onto java.lang.String com.cloudht.cont.controller.ContProductPkController.add()
2018-09-24 23:13:30 -Mapped "{[/cont/contProductPk/remove],methods=[POST]}" onto public com.sxyht.common.utils.R com.cloudht.cont.controller.ContProductPkController.remove(java.lang.Integer)
2018-09-24 23:13:30 -Mapped "{[/cont/contProductPk/batchRemove],methods=[POST]}" onto public com.sxyht.common.utils.R com.cloudht.cont.controller.ContProductPkController.remove(java.lang.Integer[])
2018-09-24 23:13:30 -Mapped "{[/cont/contProductPk/update]}" onto public com.sxyht.common.utils.R com.cloudht.cont.controller.ContProductPkController.update(com.cloudht.cont.domain.ContProductPkDO)
2018-09-24 23:13:30 -Mapped "{[/cont/contProductPk/list],methods=[GET]}" onto public com.sxyht.common.utils.PageUtils com.cloudht.cont.controller.ContProductPkController.list(java.util.Map<java.lang.String, java.lang.Object>)
2018-09-24 23:13:30 -Mapped "{[/cont/contProductPk/save],methods=[POST]}" onto public com.sxyht.common.utils.R com.cloudht.cont.controller.ContProductPkController.save(com.cloudht.cont.domain.ContProductPkDO)
2018-09-24 23:13:30 -Mapped "{[/cont/contProductPk/edit/{contProductPkId}],methods=[GET]}" onto java.lang.String com.cloudht.cont.controller.ContProductPkController.edit(java.lang.Integer,org.springframework.ui.Model)
2018-09-24 23:13:30 -Mapped "{[/cont/contProductPk],methods=[GET]}" onto java.lang.String com.cloudht.cont.controller.ContProductPkController.ContProductPk()
2018-09-24 23:13:30 -Mapped "{[/system/sysDept/add/{pId}],methods=[GET]}" onto java.lang.String com.cloudht.system.controller.DeptController.add(java.lang.Long,org.springframework.ui.Model)
2018-09-24 23:13:30 -Mapped "{[/system/sysDept/remove],methods=[POST]}" onto public com.sxyht.common.utils.R com.cloudht.system.controller.DeptController.remove(java.lang.Long)
2018-09-24 23:13:30 -Mapped "{[/system/sysDept/batchRemove],methods=[POST]}" onto public com.sxyht.common.utils.R com.cloudht.system.controller.DeptController.remove(java.lang.Long[])
2018-09-24 23:13:30 -Mapped "{[/system/sysDept/update]}" onto public com.sxyht.common.utils.R com.cloudht.system.controller.DeptController.update(com.cloudht.system.domain.DeptDO)
2018-09-24 23:13:30 -Mapped "{[/system/sysDept/list],methods=[GET]}" onto public java.util.List<com.cloudht.system.domain.DeptDO> com.cloudht.system.controller.DeptController.list()
2018-09-24 23:13:30 -Mapped "{[/system/sysDept/save],methods=[POST]}" onto public com.sxyht.common.utils.R com.cloudht.system.controller.DeptController.save(com.cloudht.system.domain.DeptDO)
2018-09-24 23:13:30 -Mapped "{[/system/sysDept/tree],methods=[GET]}" onto public com.cloudht.common.domain.Tree<com.cloudht.system.domain.DeptDO> com.cloudht.system.controller.DeptController.tree()
2018-09-24 23:13:30 -Mapped "{[/system/sysDept/edit/{deptId}],methods=[GET]}" onto java.lang.String com.cloudht.system.controller.DeptController.edit(java.lang.Long,org.springframework.ui.Model)
2018-09-24 23:13:30 -Mapped "{[/system/sysDept/treeView],methods=[GET]}" onto java.lang.String com.cloudht.system.controller.DeptController.treeView()
2018-09-24 23:13:30 -Mapped "{[/system/sysDept],methods=[GET]}" onto java.lang.String com.cloudht.system.controller.DeptController.dept()
2018-09-24 23:13:30 -Mapped "{[/sys/menu/add/{pId}],methods=[GET]}" onto java.lang.String com.cloudht.system.controller.MenuController.add(org.springframework.ui.Model,java.lang.Long)
2018-09-24 23:13:30 -Mapped "{[/sys/menu/remove],methods=[POST]}" onto com.sxyht.common.utils.R com.cloudht.system.controller.MenuController.remove(java.lang.Long)
2018-09-24 23:13:30 -Mapped "{[/sys/menu/update],methods=[POST]}" onto com.sxyht.common.utils.R com.cloudht.system.controller.MenuController.update(com.cloudht.system.domain.MenuDO)
2018-09-24 23:13:30 -Mapped "{[/sys/menu/list]}" onto java.util.List<com.cloudht.system.domain.MenuDO> com.cloudht.system.controller.MenuController.list(java.util.Map<java.lang.String, java.lang.Object>)
2018-09-24 23:13:30 -Mapped "{[/sys/menu/save],methods=[POST]}" onto com.sxyht.common.utils.R com.cloudht.system.controller.MenuController.save(com.cloudht.system.domain.MenuDO)
2018-09-24 23:13:30 -Mapped "{[/sys/menu/tree/{roleId}],methods=[GET]}" onto com.cloudht.common.domain.Tree<com.cloudht.system.domain.MenuDO> com.cloudht.system.controller.MenuController.tree(java.lang.Long)
2018-09-24 23:13:30 -Mapped "{[/sys/menu/tree],methods=[GET]}" onto com.cloudht.common.domain.Tree<com.cloudht.system.domain.MenuDO> com.cloudht.system.controller.MenuController.tree()
2018-09-24 23:13:30 -Mapped "{[/sys/menu/edit/{id}],methods=[GET]}" onto java.lang.String com.cloudht.system.controller.MenuController.edit(org.springframework.ui.Model,java.lang.Long)
2018-09-24 23:13:30 -Mapped "{[/sys/menu],methods=[GET]}" onto java.lang.String com.cloudht.system.controller.MenuController.menu(org.springframework.ui.Model)
2018-09-24 23:13:30 -Mapped "{[/main],methods=[GET]}" onto java.lang.String com.cloudht.system.controller.MianController.main(org.springframework.ui.Model)
2018-09-24 23:13:30 -Mapped "{[ || / || /login],methods=[GET]}" onto java.lang.String com.cloudht.system.controller.MianController.login()
2018-09-24 23:13:30 -Mapped "{[/homePage],methods=[GET]}" onto java.lang.String com.cloudht.system.controller.MianController.homePage()
2018-09-24 23:13:30 -Mapped "{[/login],methods=[POST]}" onto com.sxyht.common.utils.R com.cloudht.system.controller.MianController.ajaxLogin(java.lang.String,java.lang.String)
2018-09-24 23:13:30 -Mapped "{[/sys/role/add],methods=[GET]}" onto java.lang.String com.cloudht.system.controller.RoleController.add()
2018-09-24 23:13:30 -Mapped "{[/sys/role/update],methods=[POST]}" onto com.sxyht.common.utils.R com.cloudht.system.controller.RoleController.update(com.cloudht.system.domain.RoleDO)
2018-09-24 23:13:30 -Mapped "{[/sys/role/list],methods=[GET]}" onto java.util.List<com.cloudht.system.domain.RoleDO> com.cloudht.system.controller.RoleController.list()
2018-09-24 23:13:30 -Mapped "{[/sys/role/remove],methods=[POST]}" onto com.sxyht.common.utils.R com.cloudht.system.controller.RoleController.save(java.lang.Long)
2018-09-24 23:13:30 -Mapped "{[/sys/role/save],methods=[POST]}" onto com.sxyht.common.utils.R com.cloudht.system.controller.RoleController.save(com.cloudht.system.domain.RoleDO)
2018-09-24 23:13:30 -Mapped "{[/sys/role/batchRemove],methods=[POST]}" onto com.sxyht.common.utils.R com.cloudht.system.controller.RoleController.batchRemove(java.lang.Long[])
2018-09-24 23:13:30 -Mapped "{[/sys/role],methods=[GET]}" onto java.lang.String com.cloudht.system.controller.RoleController.role()
2018-09-24 23:13:30 -Mapped "{[/sys/role/edit/{id}],methods=[GET]}" onto java.lang.String com.cloudht.system.controller.RoleController.edit(java.lang.Long,org.springframework.ui.Model)
2018-09-24 23:13:30 -Mapped "{[/sys/online/list]}" onto public java.util.List<com.cloudht.system.domain.UserOnline> com.cloudht.system.controller.SessionController.list()
2018-09-24 23:13:30 -Mapped "{[/sys/online],methods=[GET]}" onto public java.lang.String com.cloudht.system.controller.SessionController.online()
2018-09-24 23:13:30 -Mapped "{[/sys/online/forceLogout/{sessionId}]}" onto public com.sxyht.common.utils.R com.cloudht.system.controller.SessionController.forceLogout(java.lang.String,org.springframework.web.servlet.mvc.support.RedirectAttributes)
2018-09-24 23:13:30 -Mapped "{[/sys/online/sessionList]}" onto public java.util.Collection<org.apache.shiro.session.Session> com.cloudht.system.controller.SessionController.sessionList()
2018-09-24 23:13:30 -Mapped "{[/sys/user/exit],methods=[POST]}" onto boolean com.cloudht.system.controller.UserController.exit(java.util.Map<java.lang.String, java.lang.Object>)
2018-09-24 23:13:30 -Mapped "{[/sys/user/add],methods=[GET]}" onto java.lang.String com.cloudht.system.controller.UserController.add(org.springframework.ui.Model)
2018-09-24 23:13:30 -Mapped "{[/sys/user/remove],methods=[POST]}" onto com.sxyht.common.utils.R com.cloudht.system.controller.UserController.remove(java.lang.Long)
2018-09-24 23:13:30 -Mapped "{[/sys/user/update],methods=[POST]}" onto com.sxyht.common.utils.R com.cloudht.system.controller.UserController.update(com.cloudht.system.domain.UserDO)
2018-09-24 23:13:30 -Mapped "{[/sys/user/list],methods=[GET]}" onto com.sxyht.common.utils.PageUtils com.cloudht.system.controller.UserController.list(java.util.Map<java.lang.String, java.lang.Object>)
2018-09-24 23:13:30 -Mapped "{[/sys/user/save],methods=[POST]}" onto com.sxyht.common.utils.R com.cloudht.system.controller.UserController.save(com.cloudht.system.domain.UserDO)
2018-09-24 23:13:30 -Mapped "{[/sys/user/batchRemove],methods=[POST]}" onto com.sxyht.common.utils.R com.cloudht.system.controller.UserController.batchRemove(java.lang.Long[])
2018-09-24 23:13:30 -Mapped "{[/sys/user/tree],methods=[GET]}" onto public com.cloudht.common.domain.Tree<com.cloudht.system.domain.DeptDO> com.cloudht.system.controller.UserController.tree()
2018-09-24 23:13:30 -Mapped "{[/sys/user],methods=[GET]}" onto java.lang.String com.cloudht.system.controller.UserController.user(org.springframework.ui.Model)
2018-09-24 23:13:30 -Mapped "{[/sys/user/edit/{id}],methods=[GET]}" onto java.lang.String com.cloudht.system.controller.UserController.edit(org.springframework.ui.Model,java.lang.Long)
2018-09-24 23:13:30 -Mapped "{[/sys/user/queryUserIdByUsername],methods=[POST]}" onto public java.lang.String com.cloudht.system.controller.UserController.queryUserIdByUsername(com.cloudht.system.domain.UserDO)
2018-09-24 23:13:30 -Mapped "{[/sys/user/treeView],methods=[GET]}" onto java.lang.String com.cloudht.system.controller.UserController.treeView()
2018-09-24 23:13:30 -Mapped "{[/sys/user/resetPwd],methods=[POST]}" onto com.sxyht.common.utils.R com.cloudht.system.controller.UserController.resetPwd(com.cloudht.system.vo.UserVO)
2018-09-24 23:13:30 -Mapped "{[/sys/user/resetPwd/{id}],methods=[GET]}" onto java.lang.String com.cloudht.system.controller.UserController.resetPwd(java.lang.Long,org.springframework.ui.Model)
2018-09-24 23:13:30 -Mapped "{[/sys/user/personal],methods=[GET]}" onto java.lang.String com.cloudht.system.controller.UserController.personal(org.springframework.ui.Model)
2018-09-24 23:13:30 -Mapped "{[/sys/user/adminResetPwd],methods=[POST]}" onto com.sxyht.common.utils.R com.cloudht.system.controller.UserController.adminResetPwd(com.cloudht.system.vo.UserVO)
2018-09-24 23:13:30 -Mapped "{[/sys/user/uploadImg],methods=[POST]}" onto com.sxyht.common.utils.R com.cloudht.system.controller.UserController.uploadImg(org.springframework.web.multipart.MultipartFile,java.lang.String,javax.servlet.http.HttpServletRequest)
2018-09-24 23:13:30 -Mapped "{[/sys/user/updatePeronal],methods=[POST]}" onto com.sxyht.common.utils.R com.cloudht.system.controller.UserController.updatePeronal(com.cloudht.system.domain.UserDO)
2018-09-24 23:13:30 -Mapped "{[/v2/api-docs],methods=[GET],produces=[application/json || application/hal+json]}" onto public org.springframework.http.ResponseEntity<springfox.documentation.spring.web.json.Json> springfox.documentation.swagger2.web.Swagger2Controller.getDocumentation(java.lang.String,javax.servlet.http.HttpServletRequest)
2018-09-24 23:13:30 -Mapped "{[/swagger-resources/configuration/security]}" onto org.springframework.http.ResponseEntity<springfox.documentation.swagger.web.SecurityConfiguration> springfox.documentation.swagger.web.ApiResourceController.securityConfiguration()
2018-09-24 23:13:30 -Mapped "{[/swagger-resources]}" onto org.springframework.http.ResponseEntity<java.util.List<springfox.documentation.swagger.web.SwaggerResource>> springfox.documentation.swagger.web.ApiResourceController.swaggerResources()
2018-09-24 23:13:30 -Mapped "{[/swagger-resources/configuration/ui]}" onto org.springframework.http.ResponseEntity<springfox.documentation.swagger.web.UiConfiguration> springfox.documentation.swagger.web.ApiResourceController.uiConfiguration()
2018-09-24 23:13:31 -Initializing ExecutorService  'clientInboundChannelExecutor'
2018-09-24 23:13:31 -Initializing ExecutorService  'clientOutboundChannelExecutor'
2018-09-24 23:13:31 -Initializing ExecutorService  'messageBrokerTaskScheduler'
2018-09-24 23:13:31 -Mapped URL path [/endpointChat/**] onto handler of type [class org.springframework.web.socket.sockjs.support.SockJsHttpRequestHandler]
2018-09-24 23:13:31 -Initializing ExecutorService  'brokerChannelExecutor'
2018-09-24 23:13:31 -Looking for @ControllerAdvice: org.springframework.boot.context.embedded.AnnotationConfigEmbeddedWebApplicationContext@10feca44: startup date [Mon Sep 24 23:13:15 CST 2018]; root of context hierarchy
2018-09-24 23:13:31 -Mapped URL path [/files/**] onto handler of type [class org.springframework.web.servlet.resource.ResourceHttpRequestHandler]
2018-09-24 23:13:31 -Mapped URL path [/webjars/**] onto handler of type [class org.springframework.web.servlet.resource.ResourceHttpRequestHandler]
2018-09-24 23:13:31 -Mapped URL path [/**] onto handler of type [class org.springframework.web.servlet.resource.ResourceHttpRequestHandler]
2018-09-24 23:13:31 -Detected @ExceptionHandler methods in BDExceptionHandler
2018-09-24 23:13:32 -Mapped URL path [/**/favicon.ico] onto handler of type [class org.springframework.web.servlet.resource.ResourceHttpRequestHandler]
2018-09-24 23:13:33 -Registering beans for JMX exposure on startup
2018-09-24 23:13:33 -Bean with name 'dataSource' has been autodetected for JMX exposure
2018-09-24 23:13:33 -Located MBean 'dataSource': registering with JMX server as MBean [com.alibaba.druid.pool:name=dataSource,type=DruidDataSource]
2018-09-24 23:13:33 -Starting beans in phase 2147483647
2018-09-24 23:13:33 -Context refreshed
2018-09-24 23:13:33 -Found 1 custom documentation plugin(s)
2018-09-24 23:13:33 -Scanning for api listing references
2018-09-24 23:13:33 -Generating unique operation named: removeUsingPOST_1
2018-09-24 23:13:33 -Generating unique operation named: addUsingGET_1
2018-09-24 23:13:33 -Generating unique operation named: editUsingGET_1
2018-09-24 23:13:33 -Generating unique operation named: listUsingGET_1
2018-09-24 23:13:33 -Generating unique operation named: removeUsingPOST_2
2018-09-24 23:13:33 -Generating unique operation named: removeUsingPOST_3
2018-09-24 23:13:33 -Generating unique operation named: saveUsingPOST_1
2018-09-24 23:13:33 -Generating unique operation named: updateUsingGET_1
2018-09-24 23:13:33 -Generating unique operation named: updateUsingHEAD_1
2018-09-24 23:13:33 -Generating unique operation named: updateUsingPOST_1
2018-09-24 23:13:33 -Generating unique operation named: updateUsingPUT_1
2018-09-24 23:13:33 -Generating unique operation named: updateUsingPATCH_1
2018-09-24 23:13:33 -Generating unique operation named: updateUsingDELETE_1
2018-09-24 23:13:33 -Generating unique operation named: updateUsingOPTIONS_1
2018-09-24 23:13:33 -Generating unique operation named: updateUsingTRACE_1
2018-09-24 23:13:33 -Generating unique operation named: addUsingGET_2
2018-09-24 23:13:33 -Generating unique operation named: editUsingGET_2
2018-09-24 23:13:33 -Generating unique operation named: listUsingGET_2
2018-09-24 23:13:33 -Generating unique operation named: removeUsingPOST_4
2018-09-24 23:13:33 -Generating unique operation named: removeUsingPOST_5
2018-09-24 23:13:33 -Generating unique operation named: saveUsingPOST_2
2018-09-24 23:13:33 -Generating unique operation named: updateUsingGET_2
2018-09-24 23:13:33 -Generating unique operation named: updateUsingHEAD_2
2018-09-24 23:13:33 -Generating unique operation named: updateUsingPOST_2
2018-09-24 23:13:33 -Generating unique operation named: updateUsingPUT_2
2018-09-24 23:13:33 -Generating unique operation named: updateUsingPATCH_2
2018-09-24 23:13:33 -Generating unique operation named: updateUsingDELETE_2
2018-09-24 23:13:33 -Generating unique operation named: updateUsingOPTIONS_2
2018-09-24 23:13:33 -Generating unique operation named: updateUsingTRACE_2
2018-09-24 23:13:33 -Generating unique operation named: addUsingGET_3
2018-09-24 23:13:33 -Generating unique operation named: editUsingGET_3
2018-09-24 23:13:33 -Generating unique operation named: listUsingGET_3
2018-09-24 23:13:33 -Generating unique operation named: removeUsingPOST_6
2018-09-24 23:13:33 -Generating unique operation named: removeUsingPOST_7
2018-09-24 23:13:33 -Generating unique operation named: saveUsingPOST_3
2018-09-24 23:13:33 -Generating unique operation named: updateUsingGET_3
2018-09-24 23:13:33 -Generating unique operation named: updateUsingHEAD_3
2018-09-24 23:13:33 -Generating unique operation named: updateUsingPOST_3
2018-09-24 23:13:33 -Generating unique operation named: updateUsingPUT_3
2018-09-24 23:13:33 -Generating unique operation named: updateUsingPATCH_3
2018-09-24 23:13:33 -Generating unique operation named: updateUsingDELETE_3
2018-09-24 23:13:33 -Generating unique operation named: updateUsingOPTIONS_3
2018-09-24 23:13:33 -Generating unique operation named: updateUsingTRACE_3
2018-09-24 23:13:33 -Generating unique operation named: addUsingGET_4
2018-09-24 23:13:33 -Generating unique operation named: editUsingGET_4
2018-09-24 23:13:33 -Generating unique operation named: listUsingGET_4
2018-09-24 23:13:33 -Generating unique operation named: removeUsingPOST_8
2018-09-24 23:13:33 -Generating unique operation named: removeUsingPOST_9
2018-09-24 23:13:33 -Generating unique operation named: saveUsingPOST_4
2018-09-24 23:13:33 -Generating unique operation named: updateUsingGET_4
2018-09-24 23:13:34 -Generating unique operation named: updateUsingHEAD_4
2018-09-24 23:13:34 -Generating unique operation named: updateUsingPOST_4
2018-09-24 23:13:34 -Generating unique operation named: updateUsingPUT_4
2018-09-24 23:13:34 -Generating unique operation named: updateUsingPATCH_4
2018-09-24 23:13:34 -Generating unique operation named: updateUsingDELETE_4
2018-09-24 23:13:34 -Generating unique operation named: updateUsingOPTIONS_4
2018-09-24 23:13:34 -Generating unique operation named: updateUsingTRACE_4
2018-09-24 23:13:34 -Generating unique operation named: addUsingGET_5
2018-09-24 23:13:34 -Generating unique operation named: editUsingGET_5
2018-09-24 23:13:34 -Generating unique operation named: listUsingGET_5
2018-09-24 23:13:34 -Generating unique operation named: removeUsingPOST_10
2018-09-24 23:13:34 -Generating unique operation named: removeUsingPOST_11
2018-09-24 23:13:34 -Generating unique operation named: saveUsingPOST_5
2018-09-24 23:13:34 -Generating unique operation named: updateUsingGET_5
2018-09-24 23:13:34 -Generating unique operation named: updateUsingHEAD_5
2018-09-24 23:13:34 -Generating unique operation named: updateUsingPOST_5
2018-09-24 23:13:34 -Generating unique operation named: updateUsingPUT_5
2018-09-24 23:13:34 -Generating unique operation named: updateUsingPATCH_5
2018-09-24 23:13:34 -Generating unique operation named: updateUsingDELETE_5
2018-09-24 23:13:34 -Generating unique operation named: updateUsingOPTIONS_5
2018-09-24 23:13:34 -Generating unique operation named: updateUsingTRACE_5
2018-09-24 23:13:34 -Generating unique operation named: addUsingGET_6
2018-09-24 23:13:34 -Generating unique operation named: editUsingGET_6
2018-09-24 23:13:34 -Generating unique operation named: listUsingGET_6
2018-09-24 23:13:34 -Generating unique operation named: removeUsingPOST_12
2018-09-24 23:13:34 -Generating unique operation named: removeUsingPOST_13
2018-09-24 23:13:34 -Generating unique operation named: saveUsingPOST_6
2018-09-24 23:13:34 -Generating unique operation named: treeUsingGET_1
2018-09-24 23:13:34 -Generating unique operation named: treeViewUsingGET_1
2018-09-24 23:13:34 -Generating unique operation named: updateUsingGET_6
2018-09-24 23:13:34 -Generating unique operation named: updateUsingHEAD_6
2018-09-24 23:13:34 -Generating unique operation named: updateUsingPOST_6
2018-09-24 23:13:34 -Generating unique operation named: updateUsingPUT_6
2018-09-24 23:13:34 -Generating unique operation named: updateUsingPATCH_6
2018-09-24 23:13:34 -Generating unique operation named: updateUsingDELETE_6
2018-09-24 23:13:34 -Generating unique operation named: updateUsingOPTIONS_6
2018-09-24 23:13:34 -Generating unique operation named: updateUsingTRACE_6
2018-09-24 23:13:34 -Generating unique operation named: addUsingGET_7
2018-09-24 23:13:34 -Generating unique operation named: editUsingGET_7
2018-09-24 23:13:34 -Generating unique operation named: listUsingGET_7
2018-09-24 23:13:34 -Generating unique operation named: removeUsingPOST_14
2018-09-24 23:13:34 -Generating unique operation named: removeUsingPOST_15
2018-09-24 23:13:34 -Generating unique operation named: saveUsingPOST_7
2018-09-24 23:13:34 -Generating unique operation named: updateUsingGET_7
2018-09-24 23:13:34 -Generating unique operation named: updateUsingHEAD_7
2018-09-24 23:13:34 -Generating unique operation named: updateUsingPOST_7
2018-09-24 23:13:34 -Generating unique operation named: updateUsingPUT_7
2018-09-24 23:13:34 -Generating unique operation named: updateUsingPATCH_7
2018-09-24 23:13:34 -Generating unique operation named: updateUsingDELETE_7
2018-09-24 23:13:34 -Generating unique operation named: updateUsingOPTIONS_7
2018-09-24 23:13:34 -Generating unique operation named: updateUsingTRACE_7
2018-09-24 23:13:34 -Generating unique operation named: addUsingGET_8
2018-09-24 23:13:34 -Generating unique operation named: editUsingGET_8
2018-09-24 23:13:34 -Generating unique operation named: listUsingGET_8
2018-09-24 23:13:34 -Generating unique operation named: removeUsingPOST_16
2018-09-24 23:13:34 -Generating unique operation named: removeUsingPOST_17
2018-09-24 23:13:34 -Generating unique operation named: saveUsingPOST_8
2018-09-24 23:13:34 -Generating unique operation named: updateUsingGET_8
2018-09-24 23:13:34 -Generating unique operation named: updateUsingHEAD_8
2018-09-24 23:13:34 -Generating unique operation named: updateUsingPOST_8
2018-09-24 23:13:34 -Generating unique operation named: updateUsingPUT_8
2018-09-24 23:13:34 -Generating unique operation named: updateUsingPATCH_8
2018-09-24 23:13:34 -Generating unique operation named: updateUsingDELETE_8
2018-09-24 23:13:34 -Generating unique operation named: updateUsingOPTIONS_8
2018-09-24 23:13:34 -Generating unique operation named: updateUsingTRACE_8
2018-09-24 23:13:34 -Generating unique operation named: editUsingGET_9
2018-09-24 23:13:34 -Generating unique operation named: listUsingGET_9
2018-09-24 23:13:34 -Generating unique operation named: updateUsingPOST_9
2018-09-24 23:13:34 -Generating unique operation named: addUsingGET_9
2018-09-24 23:13:34 -Generating unique operation named: editUsingGET_10
2018-09-24 23:13:34 -Generating unique operation named: infoUsingGET_1
2018-09-24 23:13:34 -Generating unique operation named: infoUsingHEAD_1
2018-09-24 23:13:34 -Generating unique operation named: infoUsingPOST_1
2018-09-24 23:13:34 -Generating unique operation named: infoUsingPUT_1
2018-09-24 23:13:34 -Generating unique operation named: infoUsingPATCH_1
2018-09-24 23:13:34 -Generating unique operation named: infoUsingDELETE_1
2018-09-24 23:13:34 -Generating unique operation named: infoUsingOPTIONS_1
2018-09-24 23:13:34 -Generating unique operation named: infoUsingTRACE_1
2018-09-24 23:13:34 -Generating unique operation named: listUsingGET_10
2018-09-24 23:13:34 -Generating unique operation named: removeUsingPOST_18
2018-09-24 23:13:34 -Generating unique operation named: removeUsingPOST_19
2018-09-24 23:13:34 -Generating unique operation named: saveUsingPOST_9
2018-09-24 23:13:34 -Generating unique operation named: updateUsingPOST_10
2018-09-24 23:13:34 -Generating unique operation named: listUsingGET_11
2018-09-24 23:13:34 -Generating unique operation named: removeUsingPOST_20
2018-09-24 23:13:34 -Generating unique operation named: addUsingGET_10
2018-09-24 23:13:34 -Generating unique operation named: editUsingGET_11
2018-09-24 23:13:34 -Generating unique operation named: listUsingGET_12
2018-09-24 23:13:34 -Generating unique operation named: removeUsingPOST_21
2018-09-24 23:13:34 -Generating unique operation named: saveUsingPOST_10
2018-09-24 23:13:34 -Generating unique operation named: treeUsingGET_2
2018-09-24 23:13:34 -Generating unique operation named: treeUsingGET_3
2018-09-24 23:13:34 -Generating unique operation named: updateUsingPOST_11
2018-09-24 23:13:34 -Generating unique operation named: loginUsingGET_1
2018-09-24 23:13:34 -Generating unique operation named: loginUsingGET_2
2018-09-24 23:13:34 -Generating unique operation named: addUsingGET_11
2018-09-24 23:13:34 -Generating unique operation named: batchRemoveUsingPOST_1
2018-09-24 23:13:34 -Generating unique operation named: editUsingGET_12
2018-09-24 23:13:34 -Generating unique operation named: listUsingGET_13
2018-09-24 23:13:34 -Generating unique operation named: saveUsingPOST_11
2018-09-24 23:13:34 -Generating unique operation named: saveUsingPOST_12
2018-09-24 23:13:34 -Generating unique operation named: updateUsingPOST_12
2018-09-24 23:13:34 -Generating unique operation named: listUsingGET_14
2018-09-24 23:13:34 -Generating unique operation named: listUsingHEAD_1
2018-09-24 23:13:34 -Generating unique operation named: listUsingPOST_1
2018-09-24 23:13:34 -Generating unique operation named: listUsingPUT_1
2018-09-24 23:13:34 -Generating unique operation named: listUsingPATCH_1
2018-09-24 23:13:34 -Generating unique operation named: listUsingDELETE_1
2018-09-24 23:13:34 -Generating unique operation named: listUsingOPTIONS_1
2018-09-24 23:13:34 -Generating unique operation named: listUsingTRACE_1
2018-09-24 23:13:34 -Generating unique operation named: addUsingGET_12
2018-09-24 23:13:34 -Generating unique operation named: batchRemoveUsingPOST_2
2018-09-24 23:13:34 -Generating unique operation named: editUsingGET_13
2018-09-24 23:13:34 -Generating unique operation named: listUsingGET_15
2018-09-24 23:13:34 -Generating unique operation named: removeUsingPOST_22
2018-09-24 23:13:34 -Generating unique operation named: saveUsingPOST_13
2018-09-24 23:13:34 -Generating unique operation named: treeUsingGET_4
2018-09-24 23:13:34 -Generating unique operation named: treeViewUsingGET_2
2018-09-24 23:13:34 -Generating unique operation named: updateUsingPOST_13
2018-09-24 23:13:35 -Starting Quartz Scheduler now
2018-09-24 23:13:35 -Scheduler schedulerFactoryBean_$_NON_CLUSTERED started.
2018-09-24 23:13:35 -Starting...
2018-09-24 23:13:35 -BrokerAvailabilityEvent[available=true, SimpleBrokerMessageHandler [DefaultSubscriptionRegistry[cache[0 destination(s)], registry[0 sessions]]]]
2018-09-24 23:13:35 -Started.
2018-09-24 23:13:35 -Initializing ProtocolHandler ["http-nio-8084"]
2018-09-24 23:13:35 -Starting ProtocolHandler ["http-nio-8084"]
2018-09-24 23:13:35 -Using a shared selector for servlet write/read
2018-09-24 23:13:35 -Tomcat started on port(s): 8084 (http)
2018-09-24 23:13:35 -Started HnjxApplication in 22.089 seconds (JVM running for 27.178)
2018-09-24 23:14:31 -WebSocketSession[0 current WS(0)-HttpStream(0)-HttpPoll(0), 0 total, 0 closed abnormally (0 connect failure, 0 send limit, 0 transport error)], stompSubProtocol[processed CONNECT(0)-CONNECTED(0)-DISCONNECT(0)], stompBrokerRelay[null], inboundChannel[pool size = 0, active threads = 0, queued tasks = 0, completed tasks = 0], outboundChannelpool size = 0, active threads = 0, queued tasks = 0, completed tasks = 0], sockJsScheduler[pool size = 1, active threads = 1, queued tasks = 0, completed tasks = 0]
2018-09-24 23:17:13 -Initializing Spring FrameworkServlet 'dispatcherServlet'
2018-09-24 23:17:13 -FrameworkServlet 'dispatcherServlet': initialization started
2018-09-24 23:17:13 -FrameworkServlet 'dispatcherServlet': initialization completed in 71 ms
2018-09-24 23:17:13 -Enabling session validation scheduler...
2018-09-24 23:17:13 - : http://localhost:8084/login;JSESSIONID=e9e03efd-22ab-42f6-b40b-718f248dd2a7
2018-09-24 23:17:13 -HTTP METHOD : GET
2018-09-24 23:17:13 -CLASS_METHOD : com.cloudht.system.controller.MianController.login
2018-09-24 23:17:13 - : []
2018-09-24 23:17:13 - : 7
2018-09-24 23:17:13 -[THYMELEAF] INITIALIZING TEMPLATE ENGINE
2018-09-24 23:17:13 -[THYMELEAF] INITIALIZING TEMPLATE RESOLVER: org.thymeleaf.spring4.templateresolver.SpringResourceTemplateResolver
2018-09-24 23:17:13 -[THYMELEAF] TEMPLATE RESOLVER INITIALIZED OK
2018-09-24 23:17:13 -[THYMELEAF] INITIALIZING MESSAGE RESOLVER: org.thymeleaf.spring4.messageresolver.SpringMessageResolver
2018-09-24 23:17:13 -[THYMELEAF] MESSAGE RESOLVER INITIALIZED OK
2018-09-24 23:17:13 -[THYMELEAF] TEMPLATE ENGINE CONFIGURATION:
[THYMELEAF] * Cache Factory implementation: org.thymeleaf.cache.StandardCacheManager
[THYMELEAF] * Template modes:
[THYMELEAF]     * XHTML
[THYMELEAF]     * HTML5
[THYMELEAF]     * XML
[THYMELEAF]     * VALIDXML
[THYMELEAF]     * VALIDXHTML
[THYMELEAF]     * LEGACYHTML5
[THYMELEAF] * Template resolvers (in order):
[THYMELEAF]     * org.thymeleaf.spring4.templateresolver.SpringResourceTemplateResolver
[THYMELEAF] * Message resolvers (in order):
[THYMELEAF]     * org.thymeleaf.spring4.messageresolver.SpringMessageResolver
[THYMELEAF] * Dialect [1 of 3]: org.thymeleaf.spring4.dialect.SpringStandardDialect
[THYMELEAF]     * Prefix: "th"
[THYMELEAF] * Dialect [2 of 3]: at.pollux.thymeleaf.shiro.dialect.ShiroDialect
[THYMELEAF]     * Prefix: "shiro"
[THYMELEAF] * Dialect [3 of 3]: nz.net.ultraq.thymeleaf.LayoutDialect
[THYMELEAF]     * Prefix: "layout"
[THYMELEAF] TEMPLATE ENGINE CONFIGURED OK
2018-09-24 23:17:13 -[THYMELEAF] TEMPLATE ENGINE INITIALIZED
2018-09-24 23:17:22 - : http://localhost:8084/login
2018-09-24 23:17:22 -HTTP METHOD : POST
2018-09-24 23:17:22 -CLASS_METHOD : com.cloudht.system.controller.MianController.ajaxLogin
2018-09-24 23:17:22 - : [admin, 000000]
2018-09-24 23:17:22 - : 37
2018-09-24 23:17:22 -More than one TaskExecutor bean found within the context, and none is named 'taskExecutor'. Mark one of them as primary or name it 'taskExecutor' (possibly as an alias) in order to use it for async processing: [clientInboundChannelExecutor, clientOutboundChannelExecutor, brokerChannelExecutor, messageBrokerTaskScheduler]
2018-09-24 23:17:22 - : http://localhost:8084/main
2018-09-24 23:17:22 -HTTP METHOD : GET
2018-09-24 23:17:22 -CLASS_METHOD : com.cloudht.system.controller.MianController.main
2018-09-24 23:17:22 - : [{}]
2018-09-24 23:17:23 - : 125
2018-09-24 23:17:23 - : http://localhost:8084/homePage
2018-09-24 23:17:23 -HTTP METHOD : GET
2018-09-24 23:17:23 -CLASS_METHOD : com.cloudht.system.controller.MianController.homePage
2018-09-24 23:17:23 - : []
2018-09-24 23:17:23 - : 1
2018-09-24 23:17:24 - : http://localhost:8084/homePage
2018-09-24 23:17:24 -HTTP METHOD : GET
2018-09-24 23:17:24 -CLASS_METHOD : com.cloudht.system.controller.MianController.homePage
2018-09-24 23:17:24 - : []
2018-09-24 23:17:24 - : 1
2018-09-24 23:17:26 - : http://localhost:8084/cont/contProduct
2018-09-24 23:17:26 -HTTP METHOD : GET
2018-09-24 23:17:26 -CLASS_METHOD : com.cloudht.cont.controller.ContProductController.ContProduct
2018-09-24 23:17:26 - : []
2018-09-24 23:17:26 - : 1
2018-09-24 23:17:27 - : http://localhost:8084/cont/contProduct/leftCategoryList
2018-09-24 23:17:27 -HTTP METHOD : GET
2018-09-24 23:17:27 -CLASS_METHOD : com.cloudht.cont.controller.ContProductController.leftCategoryList
2018-09-24 23:17:27 - : [{limit=10, offset=0}]
2018-09-24 23:17:27 - : 81
2018-09-24 23:17:28 - : http://localhost:8084/cont/contProduct/setParams/1
2018-09-24 23:17:28 -HTTP METHOD : GET
2018-09-24 23:17:28 -CLASS_METHOD : com.cloudht.cont.controller.ContProductController.setParams
2018-09-24 23:17:28 - : [1, {}]
2018-09-24 23:17:28 - : 33
2018-09-24 23:18:33 - : http://localhost:8084/cont/contProduct/setParams/1
2018-09-24 23:18:33 -HTTP METHOD : GET
2018-09-24 23:18:33 -CLASS_METHOD : com.cloudht.cont.controller.ContProductController.setParams
2018-09-24 23:18:33 - : [1, {}]
2018-09-24 23:18:33 - : 6
2018-09-24 23:19:52 - : http://localhost:8084/cont/contProduct/setParams/1
2018-09-24 23:19:52 -HTTP METHOD : GET
2018-09-24 23:19:52 -CLASS_METHOD : com.cloudht.cont.controller.ContProductController.setParams
2018-09-24 23:19:52 - : [1, {}]
2018-09-24 23:19:52 - : 3
2018-09-24 23:21:53 - : http://localhost:8084/cont/contProduct/setParams/1
2018-09-24 23:21:53 -HTTP METHOD : GET
2018-09-24 23:21:53 -CLASS_METHOD : com.cloudht.cont.controller.ContProductController.setParams
2018-09-24 23:21:53 - : [1, {}]
2018-09-24 23:21:53 - : 4
2018-09-24 23:22:26 - : http://localhost:8084/cont/contProduct/setParams/1
2018-09-24 23:22:26 -HTTP METHOD : GET
2018-09-24 23:22:26 -CLASS_METHOD : com.cloudht.cont.controller.ContProductController.setParams
2018-09-24 23:22:26 - : [1, {}]
2018-09-24 23:22:26 - : 2
2018-09-24 23:26:21 - : http://localhost:8084/cont/contProduct/setParams/1
2018-09-24 23:26:21 -HTTP METHOD : GET
2018-09-24 23:26:21 -CLASS_METHOD : com.cloudht.cont.controller.ContProductController.setParams
2018-09-24 23:26:21 - : [1, {}]
2018-09-24 23:26:21 - : 3
2018-09-24 23:44:31 -WebSocketSession[1 current WS(0)-HttpStream(1)-HttpPoll(0), 2 total, 0 closed abnormally (0 connect failure, 0 send limit, 0 transport error)], stompSubProtocol[processed CONNECT(1)-CONNECTED(1)-DISCONNECT(0)], stompBrokerRelay[null], inboundChannel[pool size = 0, active threads = 0, queued tasks = 0, completed tasks = 12], outboundChannelpool size = 0, active threads = 0, queued tasks = 0, completed tasks = 2], sockJsScheduler[pool size = 4, active threads = 1, queued tasks = 2, completed tasks = 392]
